00:00:00.000 [INFO] [/mnt/c/Users/hp/Documents/VitusOS-Ares/opensef/opensef-compositor/src/main.c:81] ╔════════════════════════════════════════╗
00:00:00.003 [INFO] [/mnt/c/Users/hp/Documents/VitusOS-Ares/opensef/opensef-compositor/src/main.c:82] ║     openSEF Compositor                 ║
00:00:00.006 [INFO] [/mnt/c/Users/hp/Documents/VitusOS-Ares/opensef/opensef-compositor/src/main.c:83] ║     VitusOS Ares Desktop               ║
00:00:00.007 [INFO] [/mnt/c/Users/hp/Documents/VitusOS-Ares/opensef/opensef-compositor/src/main.c:84] ╚════════════════════════════════════════╝
00:00:00.010 [INFO] [/mnt/c/Users/hp/Documents/VitusOS-Ares/opensef/opensef-compositor/src/server.c:73] Initializing openSEF compositor...
00:00:00.012 [INFO] [/mnt/c/Users/hp/Documents/VitusOS-Ares/opensef/opensef-compositor/src/server.c:88] Using Wayland backend (nested mode)
00:00:00.013 [INFO] [backend/backend.c:350] Loading user-specified backends due to WLR_BACKENDS: wayland
00:00:00.015 [INFO] [backend/wayland/backend.c:581] Creating wayland backend
00:00:00.017 [DEBUG] [backend/wayland/backend.c:350] Remote wayland global: wl_compositor v4
00:00:00.019 [DEBUG] [backend/wayland/backend.c:350] Remote wayland global: wl_subcompositor v1
00:00:00.020 [DEBUG] [backend/wayland/backend.c:350] Remote wayland global: wp_viewporter v1
00:00:00.021 [DEBUG] [backend/wayland/backend.c:350] Remote wayland global: zxdg_output_manager_v1 v2
00:00:00.023 [DEBUG] [backend/wayland/backend.c:350] Remote wayland global: wp_presentation v1
00:00:00.026 [DEBUG] [backend/wayland/backend.c:350] Remote wayland global: zwp_relative_pointer_manager_v1 v1
00:00:00.027 [DEBUG] [backend/wayland/backend.c:350] Remote wayland global: zwp_pointer_constraints_v1 v1
00:00:00.028 [DEBUG] [backend/wayland/backend.c:350] Remote wayland global: zwp_input_timestamps_manager_v1 v1
00:00:00.029 [DEBUG] [backend/wayland/backend.c:350] Remote wayland global: wl_data_device_manager v3
00:00:00.031 [DEBUG] [backend/wayland/backend.c:350] Remote wayland global: wl_shm v1
00:00:00.032 [DEBUG] [backend/wayland/backend.c:350] Remote wayland global: wl_output v3
00:00:00.033 [DEBUG] [backend/wayland/backend.c:350] Remote wayland global: zwp_input_panel_v1 v1
00:00:00.035 [DEBUG] [backend/wayland/backend.c:350] Remote wayland global: zwp_text_input_manager_v1 v1
00:00:00.037 [DEBUG] [backend/wayland/backend.c:350] Remote wayland global: xdg_wm_base v1
00:00:00.038 [DEBUG] [backend/wayland/backend.c:350] Remote wayland global: zxdg_shell_v6 v1
00:00:00.040 [DEBUG] [backend/wayland/backend.c:350] Remote wayland global: wl_shell v1
00:00:00.040 [DEBUG] [backend/wayland/backend.c:350] Remote wayland global: weston_rdprail_shell v1
00:00:00.042 [DEBUG] [backend/wayland/backend.c:350] Remote wayland global: weston_screenshooter v1
00:00:00.043 [DEBUG] [backend/wayland/backend.c:350] Remote wayland global: wl_seat v7
00:00:00.044 [DEBUG] [backend/wayland/backend.c:350] Remote wayland global: zwp_input_method_v1 v1
00:00:00.046 [DEBUG] [backend/wayland/seat.c:330] seat '(null)' offering pointer
00:00:00.048 [DEBUG] [backend/wayland/seat.c:341] seat '(null)' offering keyboard
00:00:00.049 [INFO] [/mnt/c/Users/hp/Documents/VitusOS-Ares/opensef/opensef-compositor/src/server.c:105] Nested mode detected, disabling hardware cursors
00:00:00.050 [INFO] [util/env.c:25] Loading WLR_RENDERER option: pixman
00:00:00.051 [INFO] [render/pixman/renderer.c:328] Creating pixman renderer
00:00:00.053 [INFO] [/mnt/c/Users/hp/Documents/VitusOS-Ares/opensef/opensef-compositor/src/server.c:114]   Renderer created successfully
00:00:00.054 [DEBUG] [render/allocator/allocator.c:122] Trying to create shm allocator
00:00:00.055 [DEBUG] [render/allocator/shm.c:118] Created shm allocator
00:00:00.056 [INFO] [/mnt/c/Users/hp/Documents/VitusOS-Ares/opensef/opensef-compositor/src/server.c:123]   Allocator created successfully
00:00:00.058 [INFO] [/mnt/c/Users/hp/Documents/VitusOS-Ares/opensef/opensef-compositor/src/server.c:218] Using explicit socket name: wayland-1
00:00:00.060 [INFO] [backend/wayland/backend.c:442] Starting Wayland backend
00:00:00.067 [INFO] [/mnt/c/Users/hp/Documents/VitusOS-Ares/opensef/opensef-compositor/src/input.c:164] Keyboard added
00:00:00.068 [INFO] [util/env.c:9] Loading WLR_NO_HARDWARE_CURSORS option: 1
00:00:00.069 [DEBUG] [types/output/output.c:370] WLR_NO_HARDWARE_CURSORS set, forcing software cursors
00:00:00.070 [INFO] [/mnt/c/Users/hp/Documents/VitusOS-Ares/opensef/opensef-compositor/src/output.c:62] New output: WL-1 (unknown unknown)
00:00:00.071 [INFO] [/mnt/c/Users/hp/Documents/VitusOS-Ares/opensef/opensef-compositor/src/output.c:69]   No preferred mode reported by backend
00:00:00.072 [INFO] [/mnt/c/Users/hp/Documents/VitusOS-Ares/opensef/opensef-compositor/src/output.c:93]   Attempting nested mode negotiation...
00:00:00.072 [DEBUG] [types/output/render.c:127] Attaching empty buffer to output for modeset
00:00:00.074 [DEBUG] [types/output/swapchain.c:27] Choosing primary buffer format XR24 (0x34325258) for output 'WL-1'
00:00:00.075 [DEBUG] [types/output/swapchain.c:96] Testing swapchain for output 'WL-1'
00:00:00.076 [DEBUG] [render/swapchain.c:106] Allocating new swapchain buffer
00:00:00.077 [DEBUG] [backend/wayland/output.c:326] Refresh rates are not supported
00:00:00.078 [DEBUG] [types/output/swapchain.c:98] Output test failed on 'WL-1', retrying without modifiers
00:00:00.078 [DEBUG] [types/output/swapchain.c:27] Choosing primary buffer format XR24 (0x34325258) for output 'WL-1'
00:00:00.079 [DEBUG] [types/output/swapchain.c:107] Testing modifier-less swapchain for output 'WL-1'
00:00:00.080 [DEBUG] [render/swapchain.c:106] Allocating new swapchain buffer
00:00:00.081 [DEBUG] [backend/wayland/output.c:326] Refresh rates are not supported
00:00:00.081 [ERROR] [types/output/swapchain.c:109] Swapchain for output 'WL-1' failed test
00:00:00.082 [DEBUG] [types/output/render.c:127] Attaching empty buffer to output for modeset
00:00:00.083 [DEBUG] [types/output/swapchain.c:27] Choosing primary buffer format XR24 (0x34325258) for output 'WL-1'
00:00:00.084 [DEBUG] [types/output/swapchain.c:96] Testing swapchain for output 'WL-1'
00:00:00.085 [DEBUG] [render/swapchain.c:106] Allocating new swapchain buffer
00:00:00.085 [DEBUG] [render/pixman/renderer.c:186] Created pixman buffer 1280x720
00:00:00.090 [INFO] [/mnt/c/Users/hp/Documents/VitusOS-Ares/opensef/opensef-compositor/src/output.c:117]   SUCCESS: Committed 1280x720 @ 0Hz
00:00:00.094 [DEBUG] [types/output/cursor.c:410] Falling back to software cursor on output 'WL-1'
00:00:00.095 [INFO] [/mnt/c/Users/hp/Documents/VitusOS-Ares/opensef/opensef-compositor/src/output.c:179] Output 'WL-1' configured successfully
00:00:00.095 [INFO] [/mnt/c/Users/hp/Documents/VitusOS-Ares/opensef/opensef-compositor/src/output.c:190]   Forcing initial scene commit to map window...
00:00:00.098 [DEBUG] [render/swapchain.c:106] Allocating new swapchain buffer
00:00:00.099 [DEBUG] [render/pixman/renderer.c:186] Created pixman buffer 1280x720
00:00:00.103 [INFO] [/mnt/c/Users/hp/Documents/VitusOS-Ares/opensef/opensef-compositor/src/output.c:192]   Initial frame delivered successfully
00:00:00.108 [DEBUG] [backend/wayland/pointer.c:459] creating pointer for output 'WL-1' from seat 'RDP SONOFTHEBEAST'
00:00:00.109 [INFO] [/mnt/c/Users/hp/Documents/VitusOS-Ares/opensef/opensef-compositor/src/input.c:170] Pointer added
00:00:00.110 [INFO] [/mnt/c/Users/hp/Documents/VitusOS-Ares/opensef/opensef-compositor/src/server.c:234] Compositor initialized successfully
00:00:00.115 [INFO] [/mnt/c/Users/hp/Documents/VitusOS-Ares/opensef/opensef-compositor/src/tiling.c:21] Tiling engine initialized (Gaps: 10/15)
00:00:00.121 [INFO] [/mnt/c/Users/hp/Documents/VitusOS-Ares/opensef/opensef-compositor/src/main.c:93] Initializing openSEF Framework...
00:00:00.126 [INFO] [/mnt/c/Users/hp/Documents/VitusOS-Ares/opensef/opensef-compositor/src/main.c:95] Framework initialized
00:00:00.128 [INFO] [/mnt/c/Users/hp/Documents/VitusOS-Ares/opensef/opensef-compositor/src/main.c:101] Running on Wayland display: wayland-1
00:00:00.130 [INFO] [/mnt/c/Users/hp/Documents/VitusOS-Ares/opensef/opensef-compositor/src/server.c:258] Starting event loop...
00:00:00.897 [DEBUG] [types/wlr_compositor.c:771] New wlr_surface 0x5e9d07e21ba0 (res 0x5e9d07de80e0)
00:00:00.899 [DEBUG] [types/wlr_layer_shell_v1.c:475] new layer_surface 0x5e9d07dec380 (res 0x5e9d07de8320)
00:00:00.901 [INFO] [/mnt/c/Users/hp/Documents/VitusOS-Ares/opensef/opensef-compositor/src/layer_shell.c:152] New layer surface: namespace='osf-wallpaper' layer=0
00:00:00.961 [DEBUG] [types/wlr_compositor.c:771] New wlr_surface 0x5e9d07e26a20 (res 0x5e9d07dea3b0)
00:00:00.963 [DEBUG] [types/wlr_layer_shell_v1.c:475] new layer_surface 0x5e9d07e26df0 (res 0x5e9d07dea4d0)
00:00:00.964 [INFO] [/mnt/c/Users/hp/Documents/VitusOS-Ares/opensef/opensef-compositor/src/layer_shell.c:152] New layer surface: namespace='osf-panel' layer=2
00:00:01.140 [DEBUG] [types/wlr_compositor.c:771] New wlr_surface 0x5e9d07e2bab0 (res 0x5e9d07dee780)
00:00:01.142 [DEBUG] [types/wlr_layer_shell_v1.c:475] new layer_surface 0x5e9d07e2be80 (res 0x5e9d07dee8a0)
00:00:01.143 [INFO] [/mnt/c/Users/hp/Documents/VitusOS-Ares/opensef/opensef-compositor/src/layer_shell.c:152] New layer surface: namespace='osf-dock' layer=2
00:00:01.163 [INFO] [/mnt/c/Users/hp/Documents/VitusOS-Ares/opensef/opensef-compositor/src/layer_shell.c:74] Layer surface mapped: osf-wallpaper
00:00:01.174 [DEBUG] [backend/wayland/output.c:333] Unsupported buffer format
00:00:01.191 [DEBUG] [backend/wayland/output.c:333] Unsupported buffer format
00:00:01.207 [DEBUG] [backend/wayland/output.c:333] Unsupported buffer format
00:00:01.224 [INFO] [/mnt/c/Users/hp/Documents/VitusOS-Ares/opensef/opensef-compositor/src/layer_shell.c:74] Layer surface mapped: osf-panel
00:00:01.253 [INFO] [/mnt/c/Users/hp/Documents/VitusOS-Ares/opensef/opensef-compositor/src/layer_shell.c:74] Layer surface mapped: osf-dock
00:00:01.422 [DEBUG] [types/wlr_compositor.c:771] New wlr_surface 0x5e9d07e31790 (res 0x5e9d07dfac20)
00:00:01.424 [DEBUG] [types/xdg_shell/wlr_xdg_surface.c:401] new xdg_surface 0x5e9d07e31b60 (res 0x5e9d07dfae60)
00:00:01.427 [INFO] [/mnt/c/Users/hp/Documents/VitusOS-Ares/opensef/opensef-compositor/src/view.c:274] New XDG toplevel: (untitled)
00:00:01.460 [INFO] [/mnt/c/Users/hp/Documents/VitusOS-Ares/opensef/opensef-compositor/src/view.c:124] View mapped: Phase 3 - Unified Event Loop (app_id: opensef.app)
00:00:01.462 [INFO] [/mnt/c/Users/hp/Documents/VitusOS-Ares/opensef/opensef-compositor/src/view.c:136] Window registered with framework: window-0x5e9d07e31e60
00:00:02.208 [DEBUG] [xcursor/wlr_xcursor.c:224] Loaded cursor theme 'default' at size 24 (26 available cursors)
00:00:02.210 [DEBUG] [types/output/cursor.c:410] Falling back to software cursor on output 'WL-1'
00:00:17.677 [INFO] [/mnt/c/Users/hp/Documents/VitusOS-Ares/opensef/opensef-compositor/src/view.c:152] View unmapped
double free or corruption (fasttop)
