Qt6 paths:
  qtbase: /nix/store/pcm23dq8n6vj89kxzykw4gq9wbh5w7b4-qtbase-6.9.1
  qtwayland: /nix/store/s8xcn83hvd4ljm3fr0k1y397hhd4n5fm-qtwayland-6.9.1
  qtdeclarative: /nix/store/x4xkywkgmpfgmaccxv6vb1070nm16mvy-qtdeclarative-6.9.1
  qt5compat: /nix/store/b4p9px4l3rsah72pyh95s1j68ik84k9i-qt5compat-6.9.1
  qtsvg: /nix/store/wxp741p66xbd7lfmg75x9k77vcg48l21-qtsvg-6.9.1
QT_PLUGIN_PATH=/nix/store/pcm23dq8n6vj89kxzykw4gq9wbh5w7b4-qtbase-6.9.1/lib/qt-6/plugins:/nix/store/s8xcn83hvd4ljm3fr0k1y397hhd4n5fm-qtwayland-6.9.1/lib/qt-6/plugins:/nix/store/wxp741p66xbd7lfmg75x9k77vcg48l21-qtsvg-6.9.1/lib/qt-6/plugins
QML2_IMPORT_PATH=/nix/store/x4xkywkgmpfgmaccxv6vb1070nm16mvy-qtdeclarative-6.9.1/lib/qt-6/qml:/nix/store/b4p9px4l3rsah72pyh95s1j68ik84k9i-qt5compat-6.9.1/lib/qt-6/qml
✅ Wayland platform plugin found
=== OSF SHELL QT V2 STARTING - BUILD_ID: VERIFY_FRAMEWORK_LIVE ===
Successfully loaded Inter font from "/mnt/c/Users/hp/Documents/VitusOS-Ares/assets/fonts/Inter-Regular.ttf"
[PanelController] Heartbeat - Clock ticking: "Sunday, Jan 11, 12:26:13 PM"
[PanelController] Subscribing to OSFEventBus...
[PanelController] Success: Connected to OSF framework.
[DockController] Connecting to framework...
[MultitaskController] Connecting to framework...
[StatusNotifierWatcher] Watcher service not available
[StatusNotifierWatcher] Error: "The name org.kde.StatusNotifierWatcher was not provided by any .service files"
[SystemTrayController] StatusNotifierWatcher not available
Loading QML from root file: "/mnt/c/Users/hp/Documents/VitusOS-Ares/opensef/opensef-shell-qt/qml/Shell.qml"
qt.svg: /mnt/c/Users/hp/Documents/VitusOS-Ares/assets/icons/settings.svg:1:20568: Could not resolve property: #radialGradient2005
qml: Shell Window loaded. Size: 1280 x 720
qml: Screen size: 1280 x 720
WARNING: dzn is not a conformant Vulkan implementation, testing use only.
WARNING: dzn is not a conformant Vulkan implementation, testing use only.
[PanelController] Heartbeat - Clock ticking: "Sunday, Jan 11, 12:26:18 PM"
[PanelController] Heartbeat - Clock ticking: "Sunday, Jan 11, 12:26:19 PM"
[PanelController] Heartbeat - Clock ticking: "Sunday, Jan 11, 12:26:20 PM"
[PanelController] Heartbeat - Clock ticking: "Sunday, Jan 11, 12:26:21 PM"
[PanelController] Heartbeat - Clock ticking: "Sunday, Jan 11, 12:26:22 PM"
[PanelController] Heartbeat - Clock ticking: "Sunday, Jan 11, 12:26:23 PM"
[PanelController] Heartbeat - Clock ticking: "Sunday, Jan 11, 12:26:24 PM"
[PanelController] Heartbeat - Clock ticking: "Sunday, Jan 11, 12:26:25 PM"
[PanelController] Heartbeat - Clock ticking: "Sunday, Jan 11, 12:26:26 PM"
[PanelController] Heartbeat - Clock ticking: "Sunday, Jan 11, 12:26:27 PM"
[PanelController] Heartbeat - Clock ticking: "Sunday, Jan 11, 12:26:28 PM"
[PanelController] Heartbeat - Clock ticking: "Sunday, Jan 11, 12:26:29 PM"
[PanelController] Heartbeat - Clock ticking: "Sunday, Jan 11, 12:26:30 PM"
[PanelController] Heartbeat - Clock ticking: "Sunday, Jan 11, 12:26:31 PM"
[PanelController] Heartbeat - Clock ticking: "Sunday, Jan 11, 12:26:32 PM"
[PanelController] Heartbeat - Clock ticking: "Sunday, Jan 11, 12:26:33 PM"
[PanelController] Heartbeat - Clock ticking: "Sunday, Jan 11, 12:26:34 PM"
[PanelController] Heartbeat - Clock ticking: "Sunday, Jan 11, 12:26:35 PM"
[PanelController] Heartbeat - Clock ticking: "Sunday, Jan 11, 12:26:36 PM"
[PanelController] Heartbeat - Clock ticking: "Sunday, Jan 11, 12:26:37 PM"
[PanelController] Heartbeat - Clock ticking: "Sunday, Jan 11, 12:26:38 PM"
[PanelController] Heartbeat - Clock ticking: "Sunday, Jan 11, 12:26:39 PM"
[PanelController] Heartbeat - Clock ticking: "Sunday, Jan 11, 12:26:40 PM"
[PanelController] showMenu requested for index: 1 at 78 , 34
[PanelController] Heartbeat - Clock ticking: "Sunday, Jan 11, 12:26:41 PM"
[PanelController] showMenu requested for index: 1 at 78 , 34
[PanelController] Heartbeat - Clock ticking: "Sunday, Jan 11, 12:26:42 PM"
[PanelController] showMenu requested for index: 0 at 32 , 34
[PanelController] Heartbeat - Clock ticking: "Sunday, Jan 11, 12:26:43 PM"
[PanelController] Heartbeat - Clock ticking: "Sunday, Jan 11, 12:26:44 PM"
[PanelController] Heartbeat - Clock ticking: "Sunday, Jan 11, 12:26:45 PM"
[PanelController] Heartbeat - Clock ticking: "Sunday, Jan 11, 12:26:46 PM"
[PanelController] Heartbeat - Clock ticking: "Sunday, Jan 11, 12:26:47 PM"
[PanelController] Heartbeat - Clock ticking: "Sunday, Jan 11, 12:26:48 PM"
[PanelController] Heartbeat - Clock ticking: "Sunday, Jan 11, 12:26:49 PM"
[PanelController] Heartbeat - Clock ticking: "Sunday, Jan 11, 12:26:50 PM"
[PanelController] Heartbeat - Clock ticking: "Sunday, Jan 11, 12:26:51 PM"
[PanelController] Heartbeat - Clock ticking: "Sunday, Jan 11, 12:26:52 PM"
[PanelController] Heartbeat - Clock ticking: "Sunday, Jan 11, 12:26:53 PM"
[PanelController] Heartbeat - Clock ticking: "Sunday, Jan 11, 12:26:54 PM"
[PanelController] Heartbeat - Clock ticking: "Sunday, Jan 11, 12:26:55 PM"
[PanelController] Heartbeat - Clock ticking: "Sunday, Jan 11, 12:26:56 PM"
[PanelController] Heartbeat - Clock ticking: "Sunday, Jan 11, 12:26:57 PM"
[PanelController] Heartbeat - Clock ticking: "Sunday, Jan 11, 12:26:58 PM"
[PanelController] Heartbeat - Clock ticking: "Sunday, Jan 11, 12:26:59 PM"
[PanelController] Heartbeat - Clock ticking: "Sunday, Jan 11, 12:27:00 PM"
[PanelController] Heartbeat - Clock ticking: "Sunday, Jan 11, 12:27:01 PM"
[PanelController] Heartbeat - Clock ticking: "Sunday, Jan 11, 12:27:02 PM"
[PanelController] Heartbeat - Clock ticking: "Sunday, Jan 11, 12:27:03 PM"
[PanelController] Heartbeat - Clock ticking: "Sunday, Jan 11, 12:27:08 PM"
[PanelController] Heartbeat - Clock ticking: "Sunday, Jan 11, 12:27:09 PM"
[PanelController] Heartbeat - Clock ticking: "Sunday, Jan 11, 12:27:10 PM"
[PanelController] Heartbeat - Clock ticking: "Sunday, Jan 11, 12:27:11 PM"
[PanelController] Heartbeat - Clock ticking: "Sunday, Jan 11, 12:27:12 PM"
[PanelController] Heartbeat - Clock ticking: "Sunday, Jan 11, 12:27:13 PM"
[PanelController] Heartbeat - Clock ticking: "Sunday, Jan 11, 12:27:14 PM"
[PanelController] Heartbeat - Clock ticking: "Sunday, Jan 11, 12:27:15 PM"
[PanelController] Heartbeat - Clock ticking: "Sunday, Jan 11, 12:27:16 PM"
[PanelController] Heartbeat - Clock ticking: "Sunday, Jan 11, 12:27:17 PM"
[PanelController] Heartbeat - Clock ticking: "Sunday, Jan 11, 12:27:18 PM"
[PanelController] Heartbeat - Clock ticking: "Sunday, Jan 11, 12:27:19 PM"
[PanelController] Heartbeat - Clock ticking: "Sunday, Jan 11, 12:27:20 PM"
[PanelController] Heartbeat - Clock ticking: "Sunday, Jan 11, 12:27:21 PM"
[PanelController] Heartbeat - Clock ticking: "Sunday, Jan 11, 12:27:22 PM"
[PanelController] Heartbeat - Clock ticking: "Sunday, Jan 11, 12:27:23 PM"
[PanelController] Heartbeat - Clock ticking: "Sunday, Jan 11, 12:27:20 PM"
[PanelController] Heartbeat - Clock ticking: "Sunday, Jan 11, 12:27:21 PM"
[PanelController] Heartbeat - Clock ticking: "Sunday, Jan 11, 12:27:22 PM"
[PanelController] Heartbeat - Clock ticking: "Sunday, Jan 11, 12:27:23 PM"
[PanelController] Heartbeat - Clock ticking: "Sunday, Jan 11, 12:27:24 PM"
[PanelController] Heartbeat - Clock ticking: "Sunday, Jan 11, 12:27:25 PM"
[PanelController] Heartbeat - Clock ticking: "Sunday, Jan 11, 12:27:26 PM"
[PanelController] Heartbeat - Clock ticking: "Sunday, Jan 11, 12:27:27 PM"
[PanelController] Heartbeat - Clock ticking: "Sunday, Jan 11, 12:27:28 PM"
[PanelController] Heartbeat - Clock ticking: "Sunday, Jan 11, 12:27:29 PM"
[PanelController] Heartbeat - Clock ticking: "Sunday, Jan 11, 12:27:30 PM"
[PanelController] Heartbeat - Clock ticking: "Sunday, Jan 11, 12:27:31 PM"
[PanelController] Heartbeat - Clock ticking: "Sunday, Jan 11, 12:27:32 PM"
[PanelController] Heartbeat - Clock ticking: "Sunday, Jan 11, 12:27:33 PM"
[PanelController] Heartbeat - Clock ticking: "Sunday, Jan 11, 12:27:34 PM"
[PanelController] Heartbeat - Clock ticking: "Sunday, Jan 11, 12:27:35 PM"
[PanelController] Heartbeat - Clock ticking: "Sunday, Jan 11, 12:27:36 PM"
[PanelController] Heartbeat - Clock ticking: "Sunday, Jan 11, 12:27:37 PM"
[PanelController] Heartbeat - Clock ticking: "Sunday, Jan 11, 12:27:38 PM"
[PanelController] Heartbeat - Clock ticking: "Sunday, Jan 11, 12:27:39 PM"
[PanelController] Heartbeat - Clock ticking: "Sunday, Jan 11, 12:27:40 PM"
[PanelController] Heartbeat - Clock ticking: "Sunday, Jan 11, 12:27:41 PM"
[PanelController] Heartbeat - Clock ticking: "Sunday, Jan 11, 12:27:42 PM"
[PanelController] Heartbeat - Clock ticking: "Sunday, Jan 11, 12:27:43 PM"
[PanelController] Heartbeat - Clock ticking: "Sunday, Jan 11, 12:27:44 PM"
[PanelController] Heartbeat - Clock ticking: "Sunday, Jan 11, 12:27:45 PM"
[PanelController] Heartbeat - Clock ticking: "Sunday, Jan 11, 12:27:46 PM"
[PanelController] Heartbeat - Clock ticking: "Sunday, Jan 11, 12:27:47 PM"
[PanelController] Heartbeat - Clock ticking: "Sunday, Jan 11, 12:27:48 PM"
[PanelController] Heartbeat - Clock ticking: "Sunday, Jan 11, 12:27:49 PM"
[PanelController] Heartbeat - Clock ticking: "Sunday, Jan 11, 12:27:50 PM"
[PanelController] Heartbeat - Clock ticking: "Sunday, Jan 11, 12:27:51 PM"
[PanelController] Heartbeat - Clock ticking: "Sunday, Jan 11, 12:27:52 PM"
[PanelController] Heartbeat - Clock ticking: "Sunday, Jan 11, 12:27:53 PM"
[PanelController] Heartbeat - Clock ticking: "Sunday, Jan 11, 12:27:54 PM"
[PanelController] Heartbeat - Clock ticking: "Sunday, Jan 11, 12:27:55 PM"
[PanelController] Heartbeat - Clock ticking: "Sunday, Jan 11, 12:27:56 PM"
[PanelController] Heartbeat - Clock ticking: "Sunday, Jan 11, 12:27:57 PM"
[PanelController] Heartbeat - Clock ticking: "Sunday, Jan 11, 12:27:58 PM"
[PanelController] Heartbeat - Clock ticking: "Sunday, Jan 11, 12:27:59 PM"
[PanelController] Heartbeat - Clock ticking: "Sunday, Jan 11, 12:28:00 PM"
[PanelController] Heartbeat - Clock ticking: "Sunday, Jan 11, 12:28:01 PM"
[PanelController] Heartbeat - Clock ticking: "Sunday, Jan 11, 12:28:02 PM"
[PanelController] Heartbeat - Clock ticking: "Sunday, Jan 11, 12:28:03 PM"
[PanelController] Heartbeat - Clock ticking: "Sunday, Jan 11, 12:28:04 PM"
[PanelController] Heartbeat - Clock ticking: "Sunday, Jan 11, 12:28:05 PM"
[PanelController] Heartbeat - Clock ticking: "Sunday, Jan 11, 12:28:06 PM"
[PanelController] Heartbeat - Clock ticking: "Sunday, Jan 11, 12:28:07 PM"
[PanelController] Heartbeat - Clock ticking: "Sunday, Jan 11, 12:28:08 PM"
[PanelController] Heartbeat - Clock ticking: "Sunday, Jan 11, 12:28:09 PM"
[PanelController] Heartbeat - Clock ticking: "Sunday, Jan 11, 12:28:10 PM"
[PanelController] Heartbeat - Clock ticking: "Sunday, Jan 11, 12:28:11 PM"
[PanelController] Heartbeat - Clock ticking: "Sunday, Jan 11, 12:28:12 PM"
[PanelController] Heartbeat - Clock ticking: "Sunday, Jan 11, 12:28:13 PM"
[PanelController] Heartbeat - Clock ticking: "Sunday, Jan 11, 12:28:14 PM"
[PanelController] Heartbeat - Clock ticking: "Sunday, Jan 11, 12:28:15 PM"
[PanelController] Heartbeat - Clock ticking: "Sunday, Jan 11, 12:28:16 PM"
[PanelController] Heartbeat - Clock ticking: "Sunday, Jan 11, 12:28:17 PM"
[PanelController] Heartbeat - Clock ticking: "Sunday, Jan 11, 12:28:18 PM"
[PanelController] Heartbeat - Clock ticking: "Sunday, Jan 11, 12:28:19 PM"
[PanelController] Heartbeat - Clock ticking: "Sunday, Jan 11, 12:28:20 PM"
[PanelController] Heartbeat - Clock ticking: "Sunday, Jan 11, 12:28:21 PM"
[PanelController] Heartbeat - Clock ticking: "Sunday, Jan 11, 12:28:22 PM"
[PanelController] Heartbeat - Clock ticking: "Sunday, Jan 11, 12:28:23 PM"
[PanelController] Heartbeat - Clock ticking: "Sunday, Jan 11, 12:28:24 PM"
[PanelController] Heartbeat - Clock ticking: "Sunday, Jan 11, 12:28:25 PM"
[PanelController] Heartbeat - Clock ticking: "Sunday, Jan 11, 12:28:26 PM"
[PanelController] Heartbeat - Clock ticking: "Sunday, Jan 11, 12:28:27 PM"
[PanelController] Heartbeat - Clock ticking: "Sunday, Jan 11, 12:28:28 PM"
[PanelController] Heartbeat - Clock ticking: "Sunday, Jan 11, 12:28:29 PM"
[PanelController] Heartbeat - Clock ticking: "Sunday, Jan 11, 12:28:30 PM"
[PanelController] Heartbeat - Clock ticking: "Sunday, Jan 11, 12:28:31 PM"
[PanelController] Heartbeat - Clock ticking: "Sunday, Jan 11, 12:28:32 PM"
[PanelController] Heartbeat - Clock ticking: "Sunday, Jan 11, 12:28:33 PM"
[PanelController] Heartbeat - Clock ticking: "Sunday, Jan 11, 12:28:34 PM"
[PanelController] Heartbeat - Clock ticking: "Sunday, Jan 11, 12:28:35 PM"
[PanelController] Heartbeat - Clock ticking: "Sunday, Jan 11, 12:28:36 PM"
[PanelController] Heartbeat - Clock ticking: "Sunday, Jan 11, 12:28:37 PM"
[PanelController] Heartbeat - Clock ticking: "Sunday, Jan 11, 12:28:38 PM"
[PanelController] Heartbeat - Clock ticking: "Sunday, Jan 11, 12:28:39 PM"
[PanelController] Heartbeat - Clock ticking: "Sunday, Jan 11, 12:28:40 PM"
[PanelController] Heartbeat - Clock ticking: "Sunday, Jan 11, 12:28:41 PM"
[PanelController] Heartbeat - Clock ticking: "Sunday, Jan 11, 12:28:42 PM"
[PanelController] Heartbeat - Clock ticking: "Sunday, Jan 11, 12:28:43 PM"
[PanelController] Heartbeat - Clock ticking: "Sunday, Jan 11, 12:28:44 PM"
[PanelController] Heartbeat - Clock ticking: "Sunday, Jan 11, 12:28:45 PM"
[PanelController] Heartbeat - Clock ticking: "Sunday, Jan 11, 12:28:46 PM"
[PanelController] Heartbeat - Clock ticking: "Sunday, Jan 11, 12:28:47 PM"
[PanelController] Heartbeat - Clock ticking: "Sunday, Jan 11, 12:28:48 PM"
[PanelController] Heartbeat - Clock ticking: "Sunday, Jan 11, 12:28:49 PM"
[PanelController] Heartbeat - Clock ticking: "Sunday, Jan 11, 12:28:50 PM"
[PanelController] Heartbeat - Clock ticking: "Sunday, Jan 11, 12:28:51 PM"
[PanelController] Heartbeat - Clock ticking: "Sunday, Jan 11, 12:28:52 PM"
[PanelController] Heartbeat - Clock ticking: "Sunday, Jan 11, 12:28:53 PM"
[PanelController] Heartbeat - Clock ticking: "Sunday, Jan 11, 12:28:54 PM"
[PanelController] Heartbeat - Clock ticking: "Sunday, Jan 11, 12:28:55 PM"
[PanelController] Heartbeat - Clock ticking: "Sunday, Jan 11, 12:28:52 PM"
[PanelController] Heartbeat - Clock ticking: "Sunday, Jan 11, 12:28:53 PM"
[PanelController] Heartbeat - Clock ticking: "Sunday, Jan 11, 12:28:54 PM"
[PanelController] Heartbeat - Clock ticking: "Sunday, Jan 11, 12:28:55 PM"
[PanelController] Heartbeat - Clock ticking: "Sunday, Jan 11, 12:28:56 PM"
[PanelController] Heartbeat - Clock ticking: "Sunday, Jan 11, 12:28:57 PM"
[PanelController] Heartbeat - Clock ticking: "Sunday, Jan 11, 12:28:58 PM"
[PanelController] Heartbeat - Clock ticking: "Sunday, Jan 11, 12:28:59 PM"
[PanelController] Heartbeat - Clock ticking: "Sunday, Jan 11, 12:29:00 PM"
[PanelController] Heartbeat - Clock ticking: "Sunday, Jan 11, 12:29:01 PM"
[PanelController] Heartbeat - Clock ticking: "Sunday, Jan 11, 12:29:02 PM"
[PanelController] Heartbeat - Clock ticking: "Sunday, Jan 11, 12:29:03 PM"
[PanelController] Heartbeat - Clock ticking: "Sunday, Jan 11, 12:29:04 PM"
[PanelController] Heartbeat - Clock ticking: "Sunday, Jan 11, 12:29:05 PM"
[PanelController] Heartbeat - Clock ticking: "Sunday, Jan 11, 12:29:06 PM"
[PanelController] Heartbeat - Clock ticking: "Sunday, Jan 11, 12:29:07 PM"
[PanelController] Heartbeat - Clock ticking: "Sunday, Jan 11, 12:29:08 PM"
[PanelController] Heartbeat - Clock ticking: "Sunday, Jan 11, 12:29:09 PM"
[PanelController] Heartbeat - Clock ticking: "Sunday, Jan 11, 12:29:10 PM"
[PanelController] Heartbeat - Clock ticking: "Sunday, Jan 11, 12:29:11 PM"
[PanelController] Heartbeat - Clock ticking: "Sunday, Jan 11, 12:29:12 PM"
[PanelController] Heartbeat - Clock ticking: "Sunday, Jan 11, 12:29:13 PM"
[PanelController] Heartbeat - Clock ticking: "Sunday, Jan 11, 12:29:14 PM"
[PanelController] Heartbeat - Clock ticking: "Sunday, Jan 11, 12:29:15 PM"
[PanelController] Heartbeat - Clock ticking: "Sunday, Jan 11, 12:29:16 PM"
[PanelController] Heartbeat - Clock ticking: "Sunday, Jan 11, 12:29:17 PM"
[PanelController] Heartbeat - Clock ticking: "Sunday, Jan 11, 12:29:18 PM"
[PanelController] Heartbeat - Clock ticking: "Sunday, Jan 11, 12:29:19 PM"
[PanelController] Heartbeat - Clock ticking: "Sunday, Jan 11, 12:29:20 PM"
[PanelController] Heartbeat - Clock ticking: "Sunday, Jan 11, 12:29:21 PM"
[PanelController] Heartbeat - Clock ticking: "Sunday, Jan 11, 12:29:22 PM"
[PanelController] Heartbeat - Clock ticking: "Sunday, Jan 11, 12:29:23 PM"
[PanelController] Heartbeat - Clock ticking: "Sunday, Jan 11, 12:29:24 PM"
[PanelController] Heartbeat - Clock ticking: "Sunday, Jan 11, 12:29:25 PM"
[PanelController] Heartbeat - Clock ticking: "Sunday, Jan 11, 12:29:26 PM"
[PanelController] Heartbeat - Clock ticking: "Sunday, Jan 11, 12:29:27 PM"
[PanelController] Heartbeat - Clock ticking: "Sunday, Jan 11, 12:29:28 PM"
[PanelController] Heartbeat - Clock ticking: "Sunday, Jan 11, 12:29:29 PM"
[PanelController] Heartbeat - Clock ticking: "Sunday, Jan 11, 12:29:30 PM"
[PanelController] Heartbeat - Clock ticking: "Sunday, Jan 11, 12:29:31 PM"
[PanelController] Heartbeat - Clock ticking: "Sunday, Jan 11, 12:29:32 PM"
[PanelController] Heartbeat - Clock ticking: "Sunday, Jan 11, 12:29:33 PM"
[PanelController] Heartbeat - Clock ticking: "Sunday, Jan 11, 12:29:34 PM"
[PanelController] Heartbeat - Clock ticking: "Sunday, Jan 11, 12:29:35 PM"
[PanelController] Heartbeat - Clock ticking: "Sunday, Jan 11, 12:29:36 PM"
[PanelController] Heartbeat - Clock ticking: "Sunday, Jan 11, 12:29:37 PM"
[PanelController] Heartbeat - Clock ticking: "Sunday, Jan 11, 12:29:38 PM"
[PanelController] Heartbeat - Clock ticking: "Sunday, Jan 11, 12:29:39 PM"
[PanelController] Heartbeat - Clock ticking: "Sunday, Jan 11, 12:29:40 PM"
[PanelController] Heartbeat - Clock ticking: "Sunday, Jan 11, 12:29:41 PM"
[PanelController] Heartbeat - Clock ticking: "Sunday, Jan 11, 12:29:42 PM"
[PanelController] Heartbeat - Clock ticking: "Sunday, Jan 11, 12:29:43 PM"
[PanelController] Heartbeat - Clock ticking: "Sunday, Jan 11, 12:29:44 PM"
[PanelController] Heartbeat - Clock ticking: "Sunday, Jan 11, 12:29:45 PM"
[PanelController] Heartbeat - Clock ticking: "Sunday, Jan 11, 12:29:46 PM"
[PanelController] Heartbeat - Clock ticking: "Sunday, Jan 11, 12:29:47 PM"
[PanelController] Heartbeat - Clock ticking: "Sunday, Jan 11, 12:29:48 PM"
[PanelController] Heartbeat - Clock ticking: "Sunday, Jan 11, 12:29:49 PM"
[PanelController] Heartbeat - Clock ticking: "Sunday, Jan 11, 12:29:50 PM"
[PanelController] Heartbeat - Clock ticking: "Sunday, Jan 11, 12:29:51 PM"
[PanelController] Heartbeat - Clock ticking: "Sunday, Jan 11, 12:29:52 PM"
[PanelController] Heartbeat - Clock ticking: "Sunday, Jan 11, 12:29:53 PM"
[PanelController] Heartbeat - Clock ticking: "Sunday, Jan 11, 12:29:54 PM"
[PanelController] Heartbeat - Clock ticking: "Sunday, Jan 11, 12:29:55 PM"
[PanelController] Heartbeat - Clock ticking: "Sunday, Jan 11, 12:29:54 PM"
[PanelController] Heartbeat - Clock ticking: "Sunday, Jan 11, 12:29:55 PM"
[PanelController] Heartbeat - Clock ticking: "Sunday, Jan 11, 12:29:56 PM"
[PanelController] Heartbeat - Clock ticking: "Sunday, Jan 11, 12:29:57 PM"
[PanelController] Heartbeat - Clock ticking: "Sunday, Jan 11, 12:29:58 PM"
[PanelController] Heartbeat - Clock ticking: "Sunday, Jan 11, 12:29:59 PM"
[PanelController] Heartbeat - Clock ticking: "Sunday, Jan 11, 12:30:00 PM"
[PanelController] Heartbeat - Clock ticking: "Sunday, Jan 11, 12:30:01 PM"
[PanelController] Heartbeat - Clock ticking: "Sunday, Jan 11, 12:30:02 PM"
[PanelController] Heartbeat - Clock ticking: "Sunday, Jan 11, 12:30:03 PM"
[PanelController] Heartbeat - Clock ticking: "Sunday, Jan 11, 12:30:04 PM"
[PanelController] Heartbeat - Clock ticking: "Sunday, Jan 11, 12:30:05 PM"
[PanelController] Heartbeat - Clock ticking: "Sunday, Jan 11, 12:30:06 PM"
[PanelController] Heartbeat - Clock ticking: "Sunday, Jan 11, 12:30:07 PM"
[PanelController] Heartbeat - Clock ticking: "Sunday, Jan 11, 12:30:08 PM"
[PanelController] Heartbeat - Clock ticking: "Sunday, Jan 11, 12:30:09 PM"
[PanelController] Heartbeat - Clock ticking: "Sunday, Jan 11, 12:30:10 PM"
[PanelController] Heartbeat - Clock ticking: "Sunday, Jan 11, 12:30:11 PM"
[PanelController] Heartbeat - Clock ticking: "Sunday, Jan 11, 12:30:12 PM"
[PanelController] Heartbeat - Clock ticking: "Sunday, Jan 11, 12:30:13 PM"
[PanelController] Heartbeat - Clock ticking: "Sunday, Jan 11, 12:30:14 PM"
[PanelController] Heartbeat - Clock ticking: "Sunday, Jan 11, 12:30:15 PM"
[PanelController] Heartbeat - Clock ticking: "Sunday, Jan 11, 12:30:16 PM"
[PanelController] Heartbeat - Clock ticking: "Sunday, Jan 11, 12:30:17 PM"
[PanelController] Heartbeat - Clock ticking: "Sunday, Jan 11, 12:30:18 PM"
[PanelController] Heartbeat - Clock ticking: "Sunday, Jan 11, 12:30:19 PM"
[PanelController] Heartbeat - Clock ticking: "Sunday, Jan 11, 12:30:20 PM"
[PanelController] Heartbeat - Clock ticking: "Sunday, Jan 11, 12:30:21 PM"
[PanelController] Heartbeat - Clock ticking: "Sunday, Jan 11, 12:30:22 PM"
[PanelController] Heartbeat - Clock ticking: "Sunday, Jan 11, 12:30:23 PM"
[PanelController] Heartbeat - Clock ticking: "Sunday, Jan 11, 12:30:24 PM"
[PanelController] Heartbeat - Clock ticking: "Sunday, Jan 11, 12:30:25 PM"
[PanelController] Heartbeat - Clock ticking: "Sunday, Jan 11, 12:30:23 PM"
[PanelController] Heartbeat - Clock ticking: "Sunday, Jan 11, 12:30:24 PM"
[PanelController] Heartbeat - Clock ticking: "Sunday, Jan 11, 12:30:25 PM"
[PanelController] Heartbeat - Clock ticking: "Sunday, Jan 11, 12:30:26 PM"
[PanelController] Heartbeat - Clock ticking: "Sunday, Jan 11, 12:30:27 PM"
[PanelController] Heartbeat - Clock ticking: "Sunday, Jan 11, 12:30:28 PM"
[PanelController] Heartbeat - Clock ticking: "Sunday, Jan 11, 12:30:29 PM"
[PanelController] Heartbeat - Clock ticking: "Sunday, Jan 11, 12:30:30 PM"
[PanelController] Heartbeat - Clock ticking: "Sunday, Jan 11, 12:30:31 PM"
[PanelController] Heartbeat - Clock ticking: "Sunday, Jan 11, 12:30:32 PM"
[PanelController] Heartbeat - Clock ticking: "Sunday, Jan 11, 12:30:33 PM"
[PanelController] Heartbeat - Clock ticking: "Sunday, Jan 11, 12:30:34 PM"
[PanelController] Heartbeat - Clock ticking: "Sunday, Jan 11, 12:30:35 PM"
[PanelController] Heartbeat - Clock ticking: "Sunday, Jan 11, 12:30:36 PM"
[PanelController] Heartbeat - Clock ticking: "Sunday, Jan 11, 12:30:37 PM"
[PanelController] Heartbeat - Clock ticking: "Sunday, Jan 11, 12:30:38 PM"
[PanelController] Heartbeat - Clock ticking: "Sunday, Jan 11, 12:30:39 PM"
[PanelController] Heartbeat - Clock ticking: "Sunday, Jan 11, 12:30:40 PM"
[PanelController] Heartbeat - Clock ticking: "Sunday, Jan 11, 12:30:41 PM"
[PanelController] Heartbeat - Clock ticking: "Sunday, Jan 11, 12:30:42 PM"
[PanelController] Heartbeat - Clock ticking: "Sunday, Jan 11, 12:30:43 PM"
[PanelController] Heartbeat - Clock ticking: "Sunday, Jan 11, 12:30:44 PM"
[PanelController] Heartbeat - Clock ticking: "Sunday, Jan 11, 12:30:45 PM"
[PanelController] Heartbeat - Clock ticking: "Sunday, Jan 11, 12:30:46 PM"
[PanelController] Heartbeat - Clock ticking: "Sunday, Jan 11, 12:30:47 PM"
[PanelController] Heartbeat - Clock ticking: "Sunday, Jan 11, 12:30:48 PM"
[PanelController] Heartbeat - Clock ticking: "Sunday, Jan 11, 12:30:49 PM"
[PanelController] Heartbeat - Clock ticking: "Sunday, Jan 11, 12:30:50 PM"
[PanelController] Heartbeat - Clock ticking: "Sunday, Jan 11, 12:30:51 PM"
[PanelController] Heartbeat - Clock ticking: "Sunday, Jan 11, 12:30:52 PM"
[MultitaskController] Refreshed windows: 3
[PanelController] Heartbeat - Clock ticking: "Sunday, Jan 11, 12:30:53 PM"
[PanelController] Heartbeat - Clock ticking: "Sunday, Jan 11, 12:30:54 PM"
[PanelController] Heartbeat - Clock ticking: "Sunday, Jan 11, 12:30:53 PM"
[PanelController] Heartbeat - Clock ticking: "Sunday, Jan 11, 12:30:54 PM"
[PanelController] Heartbeat - Clock ticking: "Sunday, Jan 11, 12:30:55 PM"
[PanelController] Heartbeat - Clock ticking: "Sunday, Jan 11, 12:30:56 PM"
[PanelController] Heartbeat - Clock ticking: "Sunday, Jan 11, 12:30:57 PM"
[PanelController] Heartbeat - Clock ticking: "Sunday, Jan 11, 12:30:58 PM"
[PanelController] Heartbeat - Clock ticking: "Sunday, Jan 11, 12:30:59 PM"
[PanelController] Heartbeat - Clock ticking: "Sunday, Jan 11, 12:31:00 PM"
[PanelController] Heartbeat - Clock ticking: "Sunday, Jan 11, 12:31:01 PM"
[PanelController] Heartbeat - Clock ticking: "Sunday, Jan 11, 12:31:02 PM"
[PanelController] Heartbeat - Clock ticking: "Sunday, Jan 11, 12:31:03 PM"
[PanelController] Heartbeat - Clock ticking: "Sunday, Jan 11, 12:31:04 PM"
[PanelController] Heartbeat - Clock ticking: "Sunday, Jan 11, 12:31:05 PM"
[PanelController] Heartbeat - Clock ticking: "Sunday, Jan 11, 12:31:06 PM"
[PanelController] Heartbeat - Clock ticking: "Sunday, Jan 11, 12:31:07 PM"
[PanelController] Heartbeat - Clock ticking: "Sunday, Jan 11, 12:31:08 PM"
[PanelController] Heartbeat - Clock ticking: "Sunday, Jan 11, 12:31:09 PM"
[PanelController] Heartbeat - Clock ticking: "Sunday, Jan 11, 12:31:10 PM"
[PanelController] Heartbeat - Clock ticking: "Sunday, Jan 11, 12:31:11 PM"
[PanelController] Heartbeat - Clock ticking: "Sunday, Jan 11, 12:31:12 PM"
[PanelController] Heartbeat - Clock ticking: "Sunday, Jan 11, 12:31:13 PM"
[PanelController] Heartbeat - Clock ticking: "Sunday, Jan 11, 12:31:14 PM"
[PanelController] Heartbeat - Clock ticking: "Sunday, Jan 11, 12:31:15 PM"
[PanelController] Heartbeat - Clock ticking: "Sunday, Jan 11, 12:31:16 PM"
[PanelController] Heartbeat - Clock ticking: "Sunday, Jan 11, 12:31:17 PM"
[PanelController] Heartbeat - Clock ticking: "Sunday, Jan 11, 12:31:18 PM"
[PanelController] Heartbeat - Clock ticking: "Sunday, Jan 11, 12:31:19 PM"
[PanelController] Heartbeat - Clock ticking: "Sunday, Jan 11, 12:31:20 PM"
[PanelController] Heartbeat - Clock ticking: "Sunday, Jan 11, 12:31:21 PM"
[PanelController] Heartbeat - Clock ticking: "Sunday, Jan 11, 12:31:22 PM"
[PanelController] Heartbeat - Clock ticking: "Sunday, Jan 11, 12:31:23 PM"
[PanelController] Heartbeat - Clock ticking: "Sunday, Jan 11, 12:31:24 PM"
[PanelController] Heartbeat - Clock ticking: "Sunday, Jan 11, 12:31:22 PM"
[PanelController] Heartbeat - Clock ticking: "Sunday, Jan 11, 12:31:23 PM"
[PanelController] Heartbeat - Clock ticking: "Sunday, Jan 11, 12:31:24 PM"
[PanelController] Heartbeat - Clock ticking: "Sunday, Jan 11, 12:31:25 PM"
[PanelController] Heartbeat - Clock ticking: "Sunday, Jan 11, 12:31:26 PM"
[PanelController] Heartbeat - Clock ticking: "Sunday, Jan 11, 12:31:27 PM"
[PanelController] Heartbeat - Clock ticking: "Sunday, Jan 11, 12:31:28 PM"
[PanelController] Heartbeat - Clock ticking: "Sunday, Jan 11, 12:31:29 PM"
[PanelController] Heartbeat - Clock ticking: "Sunday, Jan 11, 12:31:30 PM"
[PanelController] Heartbeat - Clock ticking: "Sunday, Jan 11, 12:31:31 PM"
[PanelController] Heartbeat - Clock ticking: "Sunday, Jan 11, 12:31:32 PM"
[PanelController] Heartbeat - Clock ticking: "Sunday, Jan 11, 12:31:33 PM"
[PanelController] Heartbeat - Clock ticking: "Sunday, Jan 11, 12:31:34 PM"
[PanelController] Heartbeat - Clock ticking: "Sunday, Jan 11, 12:31:35 PM"
[PanelController] Heartbeat - Clock ticking: "Sunday, Jan 11, 12:31:36 PM"
[PanelController] Heartbeat - Clock ticking: "Sunday, Jan 11, 12:31:37 PM"
[PanelController] Heartbeat - Clock ticking: "Sunday, Jan 11, 12:31:38 PM"
[PanelController] Heartbeat - Clock ticking: "Sunday, Jan 11, 12:31:39 PM"
[PanelController] Heartbeat - Clock ticking: "Sunday, Jan 11, 12:31:40 PM"
[PanelController] Heartbeat - Clock ticking: "Sunday, Jan 11, 12:31:41 PM"
[PanelController] Heartbeat - Clock ticking: "Sunday, Jan 11, 12:31:42 PM"
[PanelController] Heartbeat - Clock ticking: "Sunday, Jan 11, 12:31:43 PM"
[PanelController] Heartbeat - Clock ticking: "Sunday, Jan 11, 12:31:44 PM"
[PanelController] Heartbeat - Clock ticking: "Sunday, Jan 11, 12:31:45 PM"
[PanelController] Heartbeat - Clock ticking: "Sunday, Jan 11, 12:31:46 PM"
[PanelController] Heartbeat - Clock ticking: "Sunday, Jan 11, 12:31:47 PM"
[PanelController] Heartbeat - Clock ticking: "Sunday, Jan 11, 12:31:48 PM"
[PanelController] Heartbeat - Clock ticking: "Sunday, Jan 11, 12:31:49 PM"
[PanelController] Heartbeat - Clock ticking: "Sunday, Jan 11, 12:31:50 PM"
[PanelController] Heartbeat - Clock ticking: "Sunday, Jan 11, 12:31:51 PM"
[PanelController] Heartbeat - Clock ticking: "Sunday, Jan 11, 12:31:52 PM"
[PanelController] Heartbeat - Clock ticking: "Sunday, Jan 11, 12:31:53 PM"
[PanelController] Heartbeat - Clock ticking: "Sunday, Jan 11, 12:31:54 PM"
[PanelController] Heartbeat - Clock ticking: "Sunday, Jan 11, 12:31:53 PM"
[PanelController] Heartbeat - Clock ticking: "Sunday, Jan 11, 12:31:54 PM"
[PanelController] Heartbeat - Clock ticking: "Sunday, Jan 11, 12:31:55 PM"
[PanelController] Heartbeat - Clock ticking: "Sunday, Jan 11, 12:31:56 PM"
[PanelController] Heartbeat - Clock ticking: "Sunday, Jan 11, 12:31:57 PM"
[PanelController] Heartbeat - Clock ticking: "Sunday, Jan 11, 12:31:58 PM"
[PanelController] Heartbeat - Clock ticking: "Sunday, Jan 11, 12:31:59 PM"
[PanelController] Heartbeat - Clock ticking: "Sunday, Jan 11, 12:32:00 PM"
[PanelController] Heartbeat - Clock ticking: "Sunday, Jan 11, 12:32:01 PM"
[PanelController] Heartbeat - Clock ticking: "Sunday, Jan 11, 12:32:02 PM"
[PanelController] Heartbeat - Clock ticking: "Sunday, Jan 11, 12:32:03 PM"
[PanelController] Heartbeat - Clock ticking: "Sunday, Jan 11, 12:32:04 PM"
[PanelController] Heartbeat - Clock ticking: "Sunday, Jan 11, 12:32:05 PM"
[PanelController] Heartbeat - Clock ticking: "Sunday, Jan 11, 12:32:06 PM"
[PanelController] Heartbeat - Clock ticking: "Sunday, Jan 11, 12:32:07 PM"
[PanelController] Heartbeat - Clock ticking: "Sunday, Jan 11, 12:32:08 PM"
[PanelController] Heartbeat - Clock ticking: "Sunday, Jan 11, 12:32:09 PM"
[PanelController] Heartbeat - Clock ticking: "Sunday, Jan 11, 12:32:10 PM"
[PanelController] Heartbeat - Clock ticking: "Sunday, Jan 11, 12:32:11 PM"
[PanelController] Heartbeat - Clock ticking: "Sunday, Jan 11, 12:32:12 PM"
[PanelController] Heartbeat - Clock ticking: "Sunday, Jan 11, 12:32:13 PM"
[PanelController] Heartbeat - Clock ticking: "Sunday, Jan 11, 12:32:14 PM"
[PanelController] Heartbeat - Clock ticking: "Sunday, Jan 11, 12:32:15 PM"
[PanelController] Heartbeat - Clock ticking: "Sunday, Jan 11, 12:32:16 PM"
[PanelController] Heartbeat - Clock ticking: "Sunday, Jan 11, 12:32:17 PM"
[PanelController] Heartbeat - Clock ticking: "Sunday, Jan 11, 12:32:18 PM"
[PanelController] Heartbeat - Clock ticking: "Sunday, Jan 11, 12:32:19 PM"
[PanelController] Heartbeat - Clock ticking: "Sunday, Jan 11, 12:32:20 PM"
[PanelController] Heartbeat - Clock ticking: "Sunday, Jan 11, 12:32:21 PM"
[PanelController] Heartbeat - Clock ticking: "Sunday, Jan 11, 12:32:22 PM"
[PanelController] Heartbeat - Clock ticking: "Sunday, Jan 11, 12:32:23 PM"
[PanelController] Heartbeat - Clock ticking: "Sunday, Jan 11, 12:32:24 PM"
[PanelController] Heartbeat - Clock ticking: "Sunday, Jan 11, 12:32:22 PM"
[PanelController] Heartbeat - Clock ticking: "Sunday, Jan 11, 12:32:23 PM"
[PanelController] Heartbeat - Clock ticking: "Sunday, Jan 11, 12:32:24 PM"
[PanelController] Heartbeat - Clock ticking: "Sunday, Jan 11, 12:32:25 PM"
[PanelController] Heartbeat - Clock ticking: "Sunday, Jan 11, 12:32:26 PM"
[PanelController] Heartbeat - Clock ticking: "Sunday, Jan 11, 12:32:27 PM"
[PanelController] Heartbeat - Clock ticking: "Sunday, Jan 11, 12:32:28 PM"
[PanelController] Heartbeat - Clock ticking: "Sunday, Jan 11, 12:32:29 PM"
[PanelController] Heartbeat - Clock ticking: "Sunday, Jan 11, 12:32:30 PM"
[PanelController] Heartbeat - Clock ticking: "Sunday, Jan 11, 12:32:31 PM"
[PanelController] Heartbeat - Clock ticking: "Sunday, Jan 11, 12:32:32 PM"
[PanelController] Heartbeat - Clock ticking: "Sunday, Jan 11, 12:32:33 PM"
[PanelController] Heartbeat - Clock ticking: "Sunday, Jan 11, 12:32:34 PM"
[PanelController] Heartbeat - Clock ticking: "Sunday, Jan 11, 12:32:35 PM"
[PanelController] Heartbeat - Clock ticking: "Sunday, Jan 11, 12:32:36 PM"
[PanelController] Heartbeat - Clock ticking: "Sunday, Jan 11, 12:32:37 PM"
[PanelController] Heartbeat - Clock ticking: "Sunday, Jan 11, 12:32:38 PM"
[PanelController] Heartbeat - Clock ticking: "Sunday, Jan 11, 12:32:39 PM"
[PanelController] Heartbeat - Clock ticking: "Sunday, Jan 11, 12:32:40 PM"
[PanelController] Heartbeat - Clock ticking: "Sunday, Jan 11, 12:32:41 PM"
[PanelController] Heartbeat - Clock ticking: "Sunday, Jan 11, 12:32:42 PM"
[PanelController] Heartbeat - Clock ticking: "Sunday, Jan 11, 12:32:43 PM"
[PanelController] Heartbeat - Clock ticking: "Sunday, Jan 11, 12:32:44 PM"
[PanelController] Heartbeat - Clock ticking: "Sunday, Jan 11, 12:32:45 PM"
[PanelController] Heartbeat - Clock ticking: "Sunday, Jan 11, 12:32:46 PM"
[PanelController] Heartbeat - Clock ticking: "Sunday, Jan 11, 12:32:47 PM"
[PanelController] Heartbeat - Clock ticking: "Sunday, Jan 11, 12:32:48 PM"
[PanelController] Heartbeat - Clock ticking: "Sunday, Jan 11, 12:32:49 PM"
[PanelController] Heartbeat - Clock ticking: "Sunday, Jan 11, 12:32:50 PM"
[PanelController] Heartbeat - Clock ticking: "Sunday, Jan 11, 12:32:51 PM"
[PanelController] Heartbeat - Clock ticking: "Sunday, Jan 11, 12:32:52 PM"
[PanelController] Heartbeat - Clock ticking: "Sunday, Jan 11, 12:32:53 PM"
[PanelController] Heartbeat - Clock ticking: "Sunday, Jan 11, 12:32:54 PM"
[PanelController] Heartbeat - Clock ticking: "Sunday, Jan 11, 12:32:55 PM"
[PanelController] Heartbeat - Clock ticking: "Sunday, Jan 11, 12:32:56 PM"
[PanelController] Heartbeat - Clock ticking: "Sunday, Jan 11, 12:32:57 PM"
[PanelController] Heartbeat - Clock ticking: "Sunday, Jan 11, 12:32:58 PM"
[PanelController] Heartbeat - Clock ticking: "Sunday, Jan 11, 12:32:59 PM"
[PanelController] Heartbeat - Clock ticking: "Sunday, Jan 11, 12:33:00 PM"
[PanelController] Heartbeat - Clock ticking: "Sunday, Jan 11, 12:33:01 PM"
[PanelController] Heartbeat - Clock ticking: "Sunday, Jan 11, 12:33:02 PM"
[PanelController] Heartbeat - Clock ticking: "Sunday, Jan 11, 12:33:03 PM"
[PanelController] Heartbeat - Clock ticking: "Sunday, Jan 11, 12:33:04 PM"
[PanelController] Heartbeat - Clock ticking: "Sunday, Jan 11, 12:33:05 PM"
[PanelController] Heartbeat - Clock ticking: "Sunday, Jan 11, 12:33:06 PM"
[PanelController] Heartbeat - Clock ticking: "Sunday, Jan 11, 12:33:07 PM"
[PanelController] Heartbeat - Clock ticking: "Sunday, Jan 11, 12:33:08 PM"
[PanelController] Heartbeat - Clock ticking: "Sunday, Jan 11, 12:33:09 PM"
[PanelController] Heartbeat - Clock ticking: "Sunday, Jan 11, 12:33:10 PM"
[PanelController] Heartbeat - Clock ticking: "Sunday, Jan 11, 12:33:11 PM"
[PanelController] Heartbeat - Clock ticking: "Sunday, Jan 11, 12:33:12 PM"
[PanelController] Heartbeat - Clock ticking: "Sunday, Jan 11, 12:33:13 PM"
[PanelController] Heartbeat - Clock ticking: "Sunday, Jan 11, 12:33:14 PM"
[PanelController] Heartbeat - Clock ticking: "Sunday, Jan 11, 12:33:15 PM"
[PanelController] Heartbeat - Clock ticking: "Sunday, Jan 11, 12:33:16 PM"
[PanelController] Heartbeat - Clock ticking: "Sunday, Jan 11, 12:33:17 PM"
[PanelController] Heartbeat - Clock ticking: "Sunday, Jan 11, 12:33:18 PM"
[PanelController] Heartbeat - Clock ticking: "Sunday, Jan 11, 12:33:19 PM"
[PanelController] Heartbeat - Clock ticking: "Sunday, Jan 11, 12:33:20 PM"
[PanelController] Heartbeat - Clock ticking: "Sunday, Jan 11, 12:33:21 PM"
[PanelController] Heartbeat - Clock ticking: "Sunday, Jan 11, 12:33:22 PM"
[PanelController] Heartbeat - Clock ticking: "Sunday, Jan 11, 12:33:23 PM"
[PanelController] Heartbeat - Clock ticking: "Sunday, Jan 11, 12:33:24 PM"
[PanelController] Heartbeat - Clock ticking: "Sunday, Jan 11, 12:33:25 PM"
[PanelController] Heartbeat - Clock ticking: "Sunday, Jan 11, 12:33:26 PM"
[PanelController] Heartbeat - Clock ticking: "Sunday, Jan 11, 12:33:27 PM"
[PanelController] Heartbeat - Clock ticking: "Sunday, Jan 11, 12:33:28 PM"
[PanelController] Heartbeat - Clock ticking: "Sunday, Jan 11, 12:33:29 PM"
[PanelController] Heartbeat - Clock ticking: "Sunday, Jan 11, 12:33:30 PM"
[PanelController] Heartbeat - Clock ticking: "Sunday, Jan 11, 12:33:31 PM"
[PanelController] Heartbeat - Clock ticking: "Sunday, Jan 11, 12:33:32 PM"
[PanelController] Heartbeat - Clock ticking: "Sunday, Jan 11, 12:33:33 PM"
[PanelController] Heartbeat - Clock ticking: "Sunday, Jan 11, 12:33:34 PM"
[PanelController] Heartbeat - Clock ticking: "Sunday, Jan 11, 12:33:35 PM"
[PanelController] Heartbeat - Clock ticking: "Sunday, Jan 11, 12:33:36 PM"
[PanelController] Heartbeat - Clock ticking: "Sunday, Jan 11, 12:33:37 PM"
[PanelController] Heartbeat - Clock ticking: "Sunday, Jan 11, 12:33:38 PM"
[PanelController] Heartbeat - Clock ticking: "Sunday, Jan 11, 12:33:39 PM"
[PanelController] Heartbeat - Clock ticking: "Sunday, Jan 11, 12:33:36 PM"
[PanelController] Heartbeat - Clock ticking: "Sunday, Jan 11, 12:33:37 PM"
[PanelController] Heartbeat - Clock ticking: "Sunday, Jan 11, 12:33:38 PM"
[PanelController] Heartbeat - Clock ticking: "Sunday, Jan 11, 12:33:39 PM"
[PanelController] Heartbeat - Clock ticking: "Sunday, Jan 11, 12:33:40 PM"
[PanelController] Heartbeat - Clock ticking: "Sunday, Jan 11, 12:33:41 PM"
[PanelController] Heartbeat - Clock ticking: "Sunday, Jan 11, 12:33:42 PM"
[PanelController] Heartbeat - Clock ticking: "Sunday, Jan 11, 12:33:43 PM"
[PanelController] Heartbeat - Clock ticking: "Sunday, Jan 11, 12:33:44 PM"
[PanelController] Heartbeat - Clock ticking: "Sunday, Jan 11, 12:33:45 PM"
[PanelController] Heartbeat - Clock ticking: "Sunday, Jan 11, 12:33:46 PM"
[PanelController] Heartbeat - Clock ticking: "Sunday, Jan 11, 12:33:47 PM"
[PanelController] Heartbeat - Clock ticking: "Sunday, Jan 11, 12:33:48 PM"
[PanelController] Heartbeat - Clock ticking: "Sunday, Jan 11, 12:33:49 PM"
[PanelController] Heartbeat - Clock ticking: "Sunday, Jan 11, 12:33:50 PM"
[PanelController] Heartbeat - Clock ticking: "Sunday, Jan 11, 12:33:51 PM"
[PanelController] Heartbeat - Clock ticking: "Sunday, Jan 11, 12:33:52 PM"
[PanelController] Heartbeat - Clock ticking: "Sunday, Jan 11, 12:33:53 PM"
[PanelController] Heartbeat - Clock ticking: "Sunday, Jan 11, 12:33:54 PM"
[PanelController] Heartbeat - Clock ticking: "Sunday, Jan 11, 12:33:55 PM"
[PanelController] Heartbeat - Clock ticking: "Sunday, Jan 11, 12:33:56 PM"
[PanelController] Heartbeat - Clock ticking: "Sunday, Jan 11, 12:33:57 PM"
[PanelController] Heartbeat - Clock ticking: "Sunday, Jan 11, 12:33:58 PM"
[PanelController] Heartbeat - Clock ticking: "Sunday, Jan 11, 12:33:59 PM"
[PanelController] Heartbeat - Clock ticking: "Sunday, Jan 11, 12:34:00 PM"
[PanelController] Heartbeat - Clock ticking: "Sunday, Jan 11, 12:34:01 PM"
[PanelController] Heartbeat - Clock ticking: "Sunday, Jan 11, 12:34:02 PM"
[PanelController] Heartbeat - Clock ticking: "Sunday, Jan 11, 12:34:03 PM"
[PanelController] Heartbeat - Clock ticking: "Sunday, Jan 11, 12:34:04 PM"
[PanelController] Heartbeat - Clock ticking: "Sunday, Jan 11, 12:34:05 PM"
[PanelController] Heartbeat - Clock ticking: "Sunday, Jan 11, 12:34:06 PM"
[PanelController] Heartbeat - Clock ticking: "Sunday, Jan 11, 12:34:07 PM"
[PanelController] Heartbeat - Clock ticking: "Sunday, Jan 11, 12:34:08 PM"
[PanelController] Heartbeat - Clock ticking: "Sunday, Jan 11, 12:34:09 PM"
[PanelController] Heartbeat - Clock ticking: "Sunday, Jan 11, 12:34:10 PM"
[PanelController] Heartbeat - Clock ticking: "Sunday, Jan 11, 12:34:11 PM"
[PanelController] Heartbeat - Clock ticking: "Sunday, Jan 11, 12:34:12 PM"
[PanelController] Heartbeat - Clock ticking: "Sunday, Jan 11, 12:34:13 PM"
[PanelController] Heartbeat - Clock ticking: "Sunday, Jan 11, 12:34:14 PM"
[PanelController] Heartbeat - Clock ticking: "Sunday, Jan 11, 12:34:15 PM"
[PanelController] Heartbeat - Clock ticking: "Sunday, Jan 11, 12:34:16 PM"
[PanelController] Heartbeat - Clock ticking: "Sunday, Jan 11, 12:34:17 PM"
[PanelController] Heartbeat - Clock ticking: "Sunday, Jan 11, 12:34:18 PM"
[PanelController] Heartbeat - Clock ticking: "Sunday, Jan 11, 12:34:19 PM"
[PanelController] Heartbeat - Clock ticking: "Sunday, Jan 11, 12:34:20 PM"
[PanelController] Heartbeat - Clock ticking: "Sunday, Jan 11, 12:34:21 PM"
[PanelController] Heartbeat - Clock ticking: "Sunday, Jan 11, 12:34:22 PM"
[PanelController] Heartbeat - Clock ticking: "Sunday, Jan 11, 12:34:23 PM"
[PanelController] Heartbeat - Clock ticking: "Sunday, Jan 11, 12:34:24 PM"
[PanelController] Heartbeat - Clock ticking: "Sunday, Jan 11, 12:34:25 PM"
[PanelController] Heartbeat - Clock ticking: "Sunday, Jan 11, 12:34:26 PM"
[PanelController] Heartbeat - Clock ticking: "Sunday, Jan 11, 12:34:27 PM"
[PanelController] Heartbeat - Clock ticking: "Sunday, Jan 11, 12:34:28 PM"
[PanelController] Heartbeat - Clock ticking: "Sunday, Jan 11, 12:34:29 PM"
[PanelController] Heartbeat - Clock ticking: "Sunday, Jan 11, 12:34:30 PM"
[PanelController] Heartbeat - Clock ticking: "Sunday, Jan 11, 12:34:31 PM"
[PanelController] Heartbeat - Clock ticking: "Sunday, Jan 11, 12:34:32 PM"
[PanelController] Heartbeat - Clock ticking: "Sunday, Jan 11, 12:34:33 PM"
[PanelController] Heartbeat - Clock ticking: "Sunday, Jan 11, 12:34:34 PM"
[PanelController] Heartbeat - Clock ticking: "Sunday, Jan 11, 12:34:35 PM"
[PanelController] Heartbeat - Clock ticking: "Sunday, Jan 11, 12:34:36 PM"
[PanelController] Heartbeat - Clock ticking: "Sunday, Jan 11, 12:34:37 PM"
[PanelController] Heartbeat - Clock ticking: "Sunday, Jan 11, 12:34:38 PM"
[PanelController] Heartbeat - Clock ticking: "Sunday, Jan 11, 12:34:39 PM"
[PanelController] Heartbeat - Clock ticking: "Sunday, Jan 11, 12:34:40 PM"
[PanelController] Heartbeat - Clock ticking: "Sunday, Jan 11, 12:34:41 PM"
[PanelController] Heartbeat - Clock ticking: "Sunday, Jan 11, 12:34:42 PM"
[PanelController] Heartbeat - Clock ticking: "Sunday, Jan 11, 12:34:43 PM"
[PanelController] Heartbeat - Clock ticking: "Sunday, Jan 11, 12:34:44 PM"
[PanelController] Heartbeat - Clock ticking: "Sunday, Jan 11, 12:34:45 PM"
[PanelController] Heartbeat - Clock ticking: "Sunday, Jan 11, 12:34:46 PM"
[PanelController] Heartbeat - Clock ticking: "Sunday, Jan 11, 12:34:47 PM"
[PanelController] Heartbeat - Clock ticking: "Sunday, Jan 11, 12:34:48 PM"
[PanelController] Heartbeat - Clock ticking: "Sunday, Jan 11, 12:34:49 PM"
[PanelController] Heartbeat - Clock ticking: "Sunday, Jan 11, 12:34:50 PM"
[PanelController] Heartbeat - Clock ticking: "Sunday, Jan 11, 12:34:51 PM"
[PanelController] Heartbeat - Clock ticking: "Sunday, Jan 11, 12:34:52 PM"
[PanelController] Heartbeat - Clock ticking: "Sunday, Jan 11, 12:34:53 PM"
[PanelController] Heartbeat - Clock ticking: "Sunday, Jan 11, 12:34:54 PM"
[PanelController] Heartbeat - Clock ticking: "Sunday, Jan 11, 12:34:55 PM"
[PanelController] Heartbeat - Clock ticking: "Sunday, Jan 11, 12:34:56 PM"
[PanelController] Heartbeat - Clock ticking: "Sunday, Jan 11, 12:34:57 PM"
[PanelController] Heartbeat - Clock ticking: "Sunday, Jan 11, 12:34:58 PM"
[PanelController] Heartbeat - Clock ticking: "Sunday, Jan 11, 12:34:59 PM"
[PanelController] Heartbeat - Clock ticking: "Sunday, Jan 11, 12:35:00 PM"
[PanelController] Heartbeat - Clock ticking: "Sunday, Jan 11, 12:35:01 PM"
[PanelController] Heartbeat - Clock ticking: "Sunday, Jan 11, 12:35:02 PM"
[PanelController] Heartbeat - Clock ticking: "Sunday, Jan 11, 12:35:03 PM"
[PanelController] Heartbeat - Clock ticking: "Sunday, Jan 11, 12:35:04 PM"
[PanelController] Heartbeat - Clock ticking: "Sunday, Jan 11, 12:35:05 PM"
[PanelController] Heartbeat - Clock ticking: "Sunday, Jan 11, 12:35:06 PM"
[PanelController] Heartbeat - Clock ticking: "Sunday, Jan 11, 12:35:07 PM"
[PanelController] Heartbeat - Clock ticking: "Sunday, Jan 11, 12:35:08 PM"
[PanelController] Heartbeat - Clock ticking: "Sunday, Jan 11, 12:35:09 PM"
[PanelController] Heartbeat - Clock ticking: "Sunday, Jan 11, 12:35:10 PM"
[PanelController] Heartbeat - Clock ticking: "Sunday, Jan 11, 12:35:11 PM"
[PanelController] Heartbeat - Clock ticking: "Sunday, Jan 11, 12:35:09 PM"
[PanelController] Heartbeat - Clock ticking: "Sunday, Jan 11, 12:35:10 PM"
[PanelController] Heartbeat - Clock ticking: "Sunday, Jan 11, 12:35:11 PM"
[PanelController] Heartbeat - Clock ticking: "Sunday, Jan 11, 12:35:12 PM"
[PanelController] Heartbeat - Clock ticking: "Sunday, Jan 11, 12:35:13 PM"
[PanelController] Heartbeat - Clock ticking: "Sunday, Jan 11, 12:35:14 PM"
[PanelController] Heartbeat - Clock ticking: "Sunday, Jan 11, 12:35:15 PM"
[PanelController] Heartbeat - Clock ticking: "Sunday, Jan 11, 12:35:16 PM"
[PanelController] Heartbeat - Clock ticking: "Sunday, Jan 11, 12:35:17 PM"
[PanelController] Heartbeat - Clock ticking: "Sunday, Jan 11, 12:35:18 PM"
[PanelController] Heartbeat - Clock ticking: "Sunday, Jan 11, 12:35:19 PM"
[PanelController] Heartbeat - Clock ticking: "Sunday, Jan 11, 12:35:20 PM"
[PanelController] Heartbeat - Clock ticking: "Sunday, Jan 11, 12:35:21 PM"
[PanelController] Heartbeat - Clock ticking: "Sunday, Jan 11, 12:35:22 PM"
[PanelController] Heartbeat - Clock ticking: "Sunday, Jan 11, 12:35:23 PM"
[PanelController] Heartbeat - Clock ticking: "Sunday, Jan 11, 12:35:24 PM"
[PanelController] Heartbeat - Clock ticking: "Sunday, Jan 11, 12:35:25 PM"
[PanelController] Heartbeat - Clock ticking: "Sunday, Jan 11, 12:35:26 PM"
[PanelController] Heartbeat - Clock ticking: "Sunday, Jan 11, 12:35:27 PM"
[PanelController] Heartbeat - Clock ticking: "Sunday, Jan 11, 12:35:28 PM"
[PanelController] Heartbeat - Clock ticking: "Sunday, Jan 11, 12:35:29 PM"
[PanelController] Heartbeat - Clock ticking: "Sunday, Jan 11, 12:35:30 PM"
[PanelController] Heartbeat - Clock ticking: "Sunday, Jan 11, 12:35:31 PM"
[PanelController] Heartbeat - Clock ticking: "Sunday, Jan 11, 12:35:32 PM"
[PanelController] Heartbeat - Clock ticking: "Sunday, Jan 11, 12:35:33 PM"
[PanelController] Heartbeat - Clock ticking: "Sunday, Jan 11, 12:35:34 PM"
[PanelController] Heartbeat - Clock ticking: "Sunday, Jan 11, 12:35:35 PM"
[PanelController] Heartbeat - Clock ticking: "Sunday, Jan 11, 12:35:36 PM"
[PanelController] Heartbeat - Clock ticking: "Sunday, Jan 11, 12:35:37 PM"
[PanelController] Heartbeat - Clock ticking: "Sunday, Jan 11, 12:35:38 PM"
[PanelController] Heartbeat - Clock ticking: "Sunday, Jan 11, 12:35:39 PM"
[PanelController] Heartbeat - Clock ticking: "Sunday, Jan 11, 12:35:40 PM"
[PanelController] Heartbeat - Clock ticking: "Sunday, Jan 11, 12:35:41 PM"
[PanelController] Heartbeat - Clock ticking: "Sunday, Jan 11, 12:35:40 PM"
[PanelController] Heartbeat - Clock ticking: "Sunday, Jan 11, 12:35:41 PM"
[PanelController] Heartbeat - Clock ticking: "Sunday, Jan 11, 12:35:42 PM"
[PanelController] Heartbeat - Clock ticking: "Sunday, Jan 11, 12:35:43 PM"
[PanelController] Heartbeat - Clock ticking: "Sunday, Jan 11, 12:35:44 PM"
[PanelController] Heartbeat - Clock ticking: "Sunday, Jan 11, 12:35:45 PM"
[PanelController] Heartbeat - Clock ticking: "Sunday, Jan 11, 12:35:46 PM"
[PanelController] Heartbeat - Clock ticking: "Sunday, Jan 11, 12:35:47 PM"
[PanelController] Heartbeat - Clock ticking: "Sunday, Jan 11, 12:35:48 PM"
[PanelController] Heartbeat - Clock ticking: "Sunday, Jan 11, 12:35:50 PM"
[PanelController] Heartbeat - Clock ticking: "Sunday, Jan 11, 12:35:51 PM"
[PanelController] Heartbeat - Clock ticking: "Sunday, Jan 11, 12:35:52 PM"
[PanelController] Heartbeat - Clock ticking: "Sunday, Jan 11, 12:35:53 PM"
[PanelController] Heartbeat - Clock ticking: "Sunday, Jan 11, 12:35:55 PM"
[PanelController] Heartbeat - Clock ticking: "Sunday, Jan 11, 12:35:56 PM"
[PanelController] Heartbeat - Clock ticking: "Sunday, Jan 11, 12:35:57 PM"
[PanelController] Heartbeat - Clock ticking: "Sunday, Jan 11, 12:35:59 PM"
[PanelController] Heartbeat - Clock ticking: "Sunday, Jan 11, 12:36:00 PM"
[PanelController] Heartbeat - Clock ticking: "Sunday, Jan 11, 12:36:01 PM"
[PanelController] Heartbeat - Clock ticking: "Sunday, Jan 11, 12:36:03 PM"
[PanelController] Heartbeat - Clock ticking: "Sunday, Jan 11, 12:36:04 PM"
[PanelController] Heartbeat - Clock ticking: "Sunday, Jan 11, 12:36:05 PM"
[PanelController] Heartbeat - Clock ticking: "Sunday, Jan 11, 12:36:07 PM"
[PanelController] Heartbeat - Clock ticking: "Sunday, Jan 11, 12:36:08 PM"
[PanelController] Heartbeat - Clock ticking: "Sunday, Jan 11, 12:36:09 PM"
[PanelController] Heartbeat - Clock ticking: "Sunday, Jan 11, 12:36:11 PM"
[PanelController] Heartbeat - Clock ticking: "Sunday, Jan 11, 12:36:12 PM"
[PanelController] Heartbeat - Clock ticking: "Sunday, Jan 11, 12:36:11 PM"
[PanelController] Heartbeat - Clock ticking: "Sunday, Jan 11, 12:36:12 PM"
[PanelController] Heartbeat - Clock ticking: "Sunday, Jan 11, 12:36:13 PM"
[PanelController] Heartbeat - Clock ticking: "Sunday, Jan 11, 12:36:14 PM"
[PanelController] Heartbeat - Clock ticking: "Sunday, Jan 11, 12:36:15 PM"
[PanelController] Heartbeat - Clock ticking: "Sunday, Jan 11, 12:36:16 PM"
[PanelController] Heartbeat - Clock ticking: "Sunday, Jan 11, 12:36:17 PM"
[PanelController] Heartbeat - Clock ticking: "Sunday, Jan 11, 12:36:18 PM"
[PanelController] Heartbeat - Clock ticking: "Sunday, Jan 11, 12:36:19 PM"
[PanelController] Heartbeat - Clock ticking: "Sunday, Jan 11, 12:36:20 PM"
[PanelController] Heartbeat - Clock ticking: "Sunday, Jan 11, 12:36:21 PM"
[PanelController] Heartbeat - Clock ticking: "Sunday, Jan 11, 12:36:22 PM"
[PanelController] Heartbeat - Clock ticking: "Sunday, Jan 11, 12:36:23 PM"
[PanelController] Heartbeat - Clock ticking: "Sunday, Jan 11, 12:36:24 PM"
[PanelController] Heartbeat - Clock ticking: "Sunday, Jan 11, 12:36:25 PM"
[PanelController] Heartbeat - Clock ticking: "Sunday, Jan 11, 12:36:26 PM"
[PanelController] Heartbeat - Clock ticking: "Sunday, Jan 11, 12:36:27 PM"
[PanelController] Heartbeat - Clock ticking: "Sunday, Jan 11, 12:36:28 PM"
[PanelController] Heartbeat - Clock ticking: "Sunday, Jan 11, 12:36:29 PM"
[PanelController] Heartbeat - Clock ticking: "Sunday, Jan 11, 12:36:30 PM"
[PanelController] Heartbeat - Clock ticking: "Sunday, Jan 11, 12:36:31 PM"
[PanelController] Heartbeat - Clock ticking: "Sunday, Jan 11, 12:36:32 PM"
[PanelController] Heartbeat - Clock ticking: "Sunday, Jan 11, 12:36:33 PM"
[PanelController] Heartbeat - Clock ticking: "Sunday, Jan 11, 12:36:34 PM"
[PanelController] Heartbeat - Clock ticking: "Sunday, Jan 11, 12:36:35 PM"
[PanelController] Heartbeat - Clock ticking: "Sunday, Jan 11, 12:36:36 PM"
[PanelController] Heartbeat - Clock ticking: "Sunday, Jan 11, 12:36:37 PM"
[PanelController] Heartbeat - Clock ticking: "Sunday, Jan 11, 12:36:38 PM"
[PanelController] Heartbeat - Clock ticking: "Sunday, Jan 11, 12:36:39 PM"
[PanelController] Heartbeat - Clock ticking: "Sunday, Jan 11, 12:36:40 PM"
[PanelController] Heartbeat - Clock ticking: "Sunday, Jan 11, 12:36:41 PM"
[PanelController] Heartbeat - Clock ticking: "Sunday, Jan 11, 12:36:42 PM"
[PanelController] Heartbeat - Clock ticking: "Sunday, Jan 11, 12:36:40 PM"
[PanelController] Heartbeat - Clock ticking: "Sunday, Jan 11, 12:36:41 PM"
[PanelController] Heartbeat - Clock ticking: "Sunday, Jan 11, 12:36:42 PM"
[PanelController] Heartbeat - Clock ticking: "Sunday, Jan 11, 12:36:43 PM"
[PanelController] Heartbeat - Clock ticking: "Sunday, Jan 11, 12:36:44 PM"
[PanelController] Heartbeat - Clock ticking: "Sunday, Jan 11, 12:36:45 PM"
[MultitaskController] Focus window: "window-2"
[PanelController] Heartbeat - Clock ticking: "Sunday, Jan 11, 12:36:46 PM"
[PanelController] Heartbeat - Clock ticking: "Sunday, Jan 11, 12:36:47 PM"
[PanelController] Heartbeat - Clock ticking: "Sunday, Jan 11, 12:36:48 PM"
[PanelController] Heartbeat - Clock ticking: "Sunday, Jan 11, 12:36:49 PM"
[PanelController] Heartbeat - Clock ticking: "Sunday, Jan 11, 12:36:50 PM"
[PanelController] Heartbeat - Clock ticking: "Sunday, Jan 11, 12:36:51 PM"
[PanelController] Heartbeat - Clock ticking: "Sunday, Jan 11, 12:36:52 PM"
[PanelController] Heartbeat - Clock ticking: "Sunday, Jan 11, 12:36:53 PM"
[PanelController] Heartbeat - Clock ticking: "Sunday, Jan 11, 12:36:54 PM"
[PanelController] Heartbeat - Clock ticking: "Sunday, Jan 11, 12:36:55 PM"
[PanelController] Heartbeat - Clock ticking: "Sunday, Jan 11, 12:36:56 PM"
[PanelController] Heartbeat - Clock ticking: "Sunday, Jan 11, 12:36:57 PM"
[PanelController] Heartbeat - Clock ticking: "Sunday, Jan 11, 12:36:58 PM"
[PanelController] Heartbeat - Clock ticking: "Sunday, Jan 11, 12:36:59 PM"
[PanelController] Heartbeat - Clock ticking: "Sunday, Jan 11, 12:37:00 PM"
[PanelController] Heartbeat - Clock ticking: "Sunday, Jan 11, 12:37:01 PM"
[PanelController] Heartbeat - Clock ticking: "Sunday, Jan 11, 12:37:02 PM"
[PanelController] Heartbeat - Clock ticking: "Sunday, Jan 11, 12:37:03 PM"
[PanelController] Heartbeat - Clock ticking: "Sunday, Jan 11, 12:37:04 PM"
[PanelController] Heartbeat - Clock ticking: "Sunday, Jan 11, 12:37:05 PM"
[PanelController] Heartbeat - Clock ticking: "Sunday, Jan 11, 12:37:06 PM"
[PanelController] Heartbeat - Clock ticking: "Sunday, Jan 11, 12:37:07 PM"
[PanelController] Heartbeat - Clock ticking: "Sunday, Jan 11, 12:37:08 PM"
[PanelController] Heartbeat - Clock ticking: "Sunday, Jan 11, 12:37:09 PM"
[PanelController] Heartbeat - Clock ticking: "Sunday, Jan 11, 12:37:10 PM"
[PanelController] Heartbeat - Clock ticking: "Sunday, Jan 11, 12:37:11 PM"
[PanelController] Heartbeat - Clock ticking: "Sunday, Jan 11, 12:37:12 PM"
[PanelController] Heartbeat - Clock ticking: "Sunday, Jan 11, 12:37:11 PM"
[PanelController] Heartbeat - Clock ticking: "Sunday, Jan 11, 12:37:12 PM"
[PanelController] Heartbeat - Clock ticking: "Sunday, Jan 11, 12:37:13 PM"
[PanelController] Heartbeat - Clock ticking: "Sunday, Jan 11, 12:37:14 PM"
[PanelController] Heartbeat - Clock ticking: "Sunday, Jan 11, 12:37:15 PM"
[PanelController] Heartbeat - Clock ticking: "Sunday, Jan 11, 12:37:16 PM"
[PanelController] Heartbeat - Clock ticking: "Sunday, Jan 11, 12:37:17 PM"
[PanelController] Heartbeat - Clock ticking: "Sunday, Jan 11, 12:37:18 PM"
[PanelController] Heartbeat - Clock ticking: "Sunday, Jan 11, 12:37:19 PM"
[PanelController] Heartbeat - Clock ticking: "Sunday, Jan 11, 12:37:20 PM"
[PanelController] Heartbeat - Clock ticking: "Sunday, Jan 11, 12:37:21 PM"
[PanelController] Heartbeat - Clock ticking: "Sunday, Jan 11, 12:37:22 PM"
[PanelController] Heartbeat - Clock ticking: "Sunday, Jan 11, 12:37:23 PM"
[PanelController] Heartbeat - Clock ticking: "Sunday, Jan 11, 12:37:24 PM"
[PanelController] Heartbeat - Clock ticking: "Sunday, Jan 11, 12:37:25 PM"
[PanelController] Heartbeat - Clock ticking: "Sunday, Jan 11, 12:37:26 PM"
[PanelController] Heartbeat - Clock ticking: "Sunday, Jan 11, 12:37:27 PM"
[PanelController] Heartbeat - Clock ticking: "Sunday, Jan 11, 12:37:28 PM"
[PanelController] Heartbeat - Clock ticking: "Sunday, Jan 11, 12:37:29 PM"
[PanelController] Heartbeat - Clock ticking: "Sunday, Jan 11, 12:37:30 PM"
[PanelController] Heartbeat - Clock ticking: "Sunday, Jan 11, 12:37:31 PM"
[PanelController] Heartbeat - Clock ticking: "Sunday, Jan 11, 12:37:32 PM"
[PanelController] Heartbeat - Clock ticking: "Sunday, Jan 11, 12:37:33 PM"
[PanelController] Heartbeat - Clock ticking: "Sunday, Jan 11, 12:37:34 PM"
[PanelController] Heartbeat - Clock ticking: "Sunday, Jan 11, 12:37:35 PM"
[PanelController] Heartbeat - Clock ticking: "Sunday, Jan 11, 12:37:36 PM"
[PanelController] Heartbeat - Clock ticking: "Sunday, Jan 11, 12:37:37 PM"
[PanelController] Heartbeat - Clock ticking: "Sunday, Jan 11, 12:37:38 PM"
[PanelController] Heartbeat - Clock ticking: "Sunday, Jan 11, 12:37:39 PM"
[PanelController] Heartbeat - Clock ticking: "Sunday, Jan 11, 12:37:40 PM"
[PanelController] Heartbeat - Clock ticking: "Sunday, Jan 11, 12:37:41 PM"
[PanelController] Heartbeat - Clock ticking: "Sunday, Jan 11, 12:37:42 PM"
[PanelController] Heartbeat - Clock ticking: "Sunday, Jan 11, 12:37:40 PM"
[PanelController] Heartbeat - Clock ticking: "Sunday, Jan 11, 12:37:41 PM"
[PanelController] Heartbeat - Clock ticking: "Sunday, Jan 11, 12:37:42 PM"
[PanelController] Heartbeat - Clock ticking: "Sunday, Jan 11, 12:37:43 PM"
[PanelController] Heartbeat - Clock ticking: "Sunday, Jan 11, 12:37:44 PM"
[PanelController] Heartbeat - Clock ticking: "Sunday, Jan 11, 12:37:45 PM"
[PanelController] Heartbeat - Clock ticking: "Sunday, Jan 11, 12:37:46 PM"
[PanelController] Heartbeat - Clock ticking: "Sunday, Jan 11, 12:37:47 PM"
[PanelController] Heartbeat - Clock ticking: "Sunday, Jan 11, 12:37:48 PM"
[PanelController] Heartbeat - Clock ticking: "Sunday, Jan 11, 12:37:49 PM"
[PanelController] Heartbeat - Clock ticking: "Sunday, Jan 11, 12:37:50 PM"
[PanelController] Heartbeat - Clock ticking: "Sunday, Jan 11, 12:37:51 PM"
[PanelController] Heartbeat - Clock ticking: "Sunday, Jan 11, 12:37:52 PM"
[PanelController] Heartbeat - Clock ticking: "Sunday, Jan 11, 12:37:53 PM"
[PanelController] Heartbeat - Clock ticking: "Sunday, Jan 11, 12:37:54 PM"
[PanelController] Heartbeat - Clock ticking: "Sunday, Jan 11, 12:37:55 PM"
[PanelController] Heartbeat - Clock ticking: "Sunday, Jan 11, 12:37:56 PM"
[PanelController] Heartbeat - Clock ticking: "Sunday, Jan 11, 12:37:57 PM"
[PanelController] Heartbeat - Clock ticking: "Sunday, Jan 11, 12:37:58 PM"
[PanelController] Heartbeat - Clock ticking: "Sunday, Jan 11, 12:37:59 PM"
[PanelController] Heartbeat - Clock ticking: "Sunday, Jan 11, 12:38:00 PM"
[PanelController] Heartbeat - Clock ticking: "Sunday, Jan 11, 12:38:01 PM"
[PanelController] Heartbeat - Clock ticking: "Sunday, Jan 11, 12:38:02 PM"
[PanelController] Heartbeat - Clock ticking: "Sunday, Jan 11, 12:38:03 PM"
[PanelController] Heartbeat - Clock ticking: "Sunday, Jan 11, 12:38:04 PM"
[PanelController] Heartbeat - Clock ticking: "Sunday, Jan 11, 12:38:05 PM"
[PanelController] Heartbeat - Clock ticking: "Sunday, Jan 11, 12:38:06 PM"
[PanelController] Heartbeat - Clock ticking: "Sunday, Jan 11, 12:38:07 PM"
[PanelController] Heartbeat - Clock ticking: "Sunday, Jan 11, 12:38:08 PM"
[PanelController] Heartbeat - Clock ticking: "Sunday, Jan 11, 12:38:09 PM"
[PanelController] Heartbeat - Clock ticking: "Sunday, Jan 11, 12:38:10 PM"
[PanelController] Heartbeat - Clock ticking: "Sunday, Jan 11, 12:38:11 PM"
[PanelController] Heartbeat - Clock ticking: "Sunday, Jan 11, 12:38:10 PM"
[PanelController] Heartbeat - Clock ticking: "Sunday, Jan 11, 12:38:11 PM"
[PanelController] Heartbeat - Clock ticking: "Sunday, Jan 11, 12:38:12 PM"
[PanelController] Heartbeat - Clock ticking: "Sunday, Jan 11, 12:38:13 PM"
[PanelController] Heartbeat - Clock ticking: "Sunday, Jan 11, 12:38:14 PM"
[PanelController] Heartbeat - Clock ticking: "Sunday, Jan 11, 12:38:15 PM"
[PanelController] Heartbeat - Clock ticking: "Sunday, Jan 11, 12:38:16 PM"
[PanelController] Heartbeat - Clock ticking: "Sunday, Jan 11, 12:38:17 PM"
[PanelController] Heartbeat - Clock ticking: "Sunday, Jan 11, 12:38:18 PM"
[PanelController] Heartbeat - Clock ticking: "Sunday, Jan 11, 12:38:19 PM"
[PanelController] Heartbeat - Clock ticking: "Sunday, Jan 11, 12:38:20 PM"
[PanelController] Heartbeat - Clock ticking: "Sunday, Jan 11, 12:38:21 PM"
[PanelController] Heartbeat - Clock ticking: "Sunday, Jan 11, 12:38:22 PM"
[PanelController] Heartbeat - Clock ticking: "Sunday, Jan 11, 12:38:23 PM"
[PanelController] Heartbeat - Clock ticking: "Sunday, Jan 11, 12:38:24 PM"
[PanelController] Heartbeat - Clock ticking: "Sunday, Jan 11, 12:38:25 PM"
[PanelController] Heartbeat - Clock ticking: "Sunday, Jan 11, 12:38:26 PM"
[PanelController] Heartbeat - Clock ticking: "Sunday, Jan 11, 12:38:27 PM"
[PanelController] Heartbeat - Clock ticking: "Sunday, Jan 11, 12:38:28 PM"
[PanelController] Heartbeat - Clock ticking: "Sunday, Jan 11, 12:38:29 PM"
[PanelController] Heartbeat - Clock ticking: "Sunday, Jan 11, 12:38:30 PM"
[PanelController] Heartbeat - Clock ticking: "Sunday, Jan 11, 12:38:31 PM"
[PanelController] Heartbeat - Clock ticking: "Sunday, Jan 11, 12:38:32 PM"
[PanelController] Heartbeat - Clock ticking: "Sunday, Jan 11, 12:38:33 PM"
[PanelController] Heartbeat - Clock ticking: "Sunday, Jan 11, 12:38:34 PM"
[PanelController] Heartbeat - Clock ticking: "Sunday, Jan 11, 12:38:35 PM"
[PanelController] Heartbeat - Clock ticking: "Sunday, Jan 11, 12:38:36 PM"
[PanelController] Heartbeat - Clock ticking: "Sunday, Jan 11, 12:38:37 PM"
[PanelController] Heartbeat - Clock ticking: "Sunday, Jan 11, 12:38:38 PM"
[PanelController] Heartbeat - Clock ticking: "Sunday, Jan 11, 12:38:39 PM"
[PanelController] Heartbeat - Clock ticking: "Sunday, Jan 11, 12:38:40 PM"
[PanelController] Heartbeat - Clock ticking: "Sunday, Jan 11, 12:38:41 PM"
[PanelController] Heartbeat - Clock ticking: "Sunday, Jan 11, 12:38:42 PM"
[PanelController] Heartbeat - Clock ticking: "Sunday, Jan 11, 12:38:40 PM"
[PanelController] Heartbeat - Clock ticking: "Sunday, Jan 11, 12:38:41 PM"
[PanelController] Heartbeat - Clock ticking: "Sunday, Jan 11, 12:38:42 PM"
[PanelController] Heartbeat - Clock ticking: "Sunday, Jan 11, 12:38:43 PM"
[PanelController] Heartbeat - Clock ticking: "Sunday, Jan 11, 12:38:44 PM"
[PanelController] Heartbeat - Clock ticking: "Sunday, Jan 11, 12:38:45 PM"
[PanelController] Heartbeat - Clock ticking: "Sunday, Jan 11, 12:38:46 PM"
[PanelController] Heartbeat - Clock ticking: "Sunday, Jan 11, 12:38:47 PM"
[PanelController] Heartbeat - Clock ticking: "Sunday, Jan 11, 12:38:48 PM"
[PanelController] Heartbeat - Clock ticking: "Sunday, Jan 11, 12:38:49 PM"
[PanelController] Heartbeat - Clock ticking: "Sunday, Jan 11, 12:38:50 PM"
[PanelController] Heartbeat - Clock ticking: "Sunday, Jan 11, 12:38:51 PM"
[PanelController] Heartbeat - Clock ticking: "Sunday, Jan 11, 12:38:52 PM"
[PanelController] Heartbeat - Clock ticking: "Sunday, Jan 11, 12:38:53 PM"
[PanelController] Heartbeat - Clock ticking: "Sunday, Jan 11, 12:38:54 PM"
[PanelController] Heartbeat - Clock ticking: "Sunday, Jan 11, 12:38:55 PM"
[PanelController] Heartbeat - Clock ticking: "Sunday, Jan 11, 12:38:56 PM"
[PanelController] Heartbeat - Clock ticking: "Sunday, Jan 11, 12:38:57 PM"
[PanelController] Heartbeat - Clock ticking: "Sunday, Jan 11, 12:38:58 PM"
[PanelController] Heartbeat - Clock ticking: "Sunday, Jan 11, 12:38:59 PM"
[PanelController] Heartbeat - Clock ticking: "Sunday, Jan 11, 12:39:00 PM"
[PanelController] Heartbeat - Clock ticking: "Sunday, Jan 11, 12:39:01 PM"
[PanelController] Heartbeat - Clock ticking: "Sunday, Jan 11, 12:39:02 PM"
[PanelController] Heartbeat - Clock ticking: "Sunday, Jan 11, 12:39:03 PM"
[PanelController] Heartbeat - Clock ticking: "Sunday, Jan 11, 12:39:04 PM"
[PanelController] Heartbeat - Clock ticking: "Sunday, Jan 11, 12:39:05 PM"
[PanelController] Heartbeat - Clock ticking: "Sunday, Jan 11, 12:39:06 PM"
[PanelController] Heartbeat - Clock ticking: "Sunday, Jan 11, 12:39:07 PM"
[PanelController] Heartbeat - Clock ticking: "Sunday, Jan 11, 12:39:08 PM"
[PanelController] Heartbeat - Clock ticking: "Sunday, Jan 11, 12:39:09 PM"
[PanelController] Heartbeat - Clock ticking: "Sunday, Jan 11, 12:39:10 PM"
[PanelController] Heartbeat - Clock ticking: "Sunday, Jan 11, 12:39:11 PM"
[PanelController] Heartbeat - Clock ticking: "Sunday, Jan 11, 12:39:10 PM"
[PanelController] Heartbeat - Clock ticking: "Sunday, Jan 11, 12:39:11 PM"
[PanelController] Heartbeat - Clock ticking: "Sunday, Jan 11, 12:39:12 PM"
[PanelController] Heartbeat - Clock ticking: "Sunday, Jan 11, 12:39:13 PM"
[PanelController] Heartbeat - Clock ticking: "Sunday, Jan 11, 12:39:14 PM"
[PanelController] Heartbeat - Clock ticking: "Sunday, Jan 11, 12:39:15 PM"
[PanelController] Heartbeat - Clock ticking: "Sunday, Jan 11, 12:39:16 PM"
[PanelController] Heartbeat - Clock ticking: "Sunday, Jan 11, 12:39:17 PM"
[PanelController] Heartbeat - Clock ticking: "Sunday, Jan 11, 12:39:18 PM"
[PanelController] Heartbeat - Clock ticking: "Sunday, Jan 11, 12:39:19 PM"
[PanelController] Heartbeat - Clock ticking: "Sunday, Jan 11, 12:39:20 PM"
[PanelController] Heartbeat - Clock ticking: "Sunday, Jan 11, 12:39:21 PM"
[PanelController] Heartbeat - Clock ticking: "Sunday, Jan 11, 12:39:22 PM"
[PanelController] Heartbeat - Clock ticking: "Sunday, Jan 11, 12:39:23 PM"
[PanelController] Heartbeat - Clock ticking: "Sunday, Jan 11, 12:39:24 PM"
[PanelController] Heartbeat - Clock ticking: "Sunday, Jan 11, 12:39:25 PM"
[PanelController] Heartbeat - Clock ticking: "Sunday, Jan 11, 12:39:26 PM"
[PanelController] Heartbeat - Clock ticking: "Sunday, Jan 11, 12:39:27 PM"
[PanelController] Heartbeat - Clock ticking: "Sunday, Jan 11, 12:39:28 PM"
[PanelController] Heartbeat - Clock ticking: "Sunday, Jan 11, 12:39:29 PM"
[PanelController] Heartbeat - Clock ticking: "Sunday, Jan 11, 12:39:30 PM"
[PanelController] Heartbeat - Clock ticking: "Sunday, Jan 11, 12:39:31 PM"
[PanelController] Heartbeat - Clock ticking: "Sunday, Jan 11, 12:39:32 PM"
[PanelController] Heartbeat - Clock ticking: "Sunday, Jan 11, 12:39:33 PM"
[PanelController] Heartbeat - Clock ticking: "Sunday, Jan 11, 12:39:34 PM"
[PanelController] Heartbeat - Clock ticking: "Sunday, Jan 11, 12:39:35 PM"
[PanelController] Heartbeat - Clock ticking: "Sunday, Jan 11, 12:39:36 PM"
[PanelController] Heartbeat - Clock ticking: "Sunday, Jan 11, 12:39:37 PM"
[PanelController] Heartbeat - Clock ticking: "Sunday, Jan 11, 12:39:38 PM"
[PanelController] Heartbeat - Clock ticking: "Sunday, Jan 11, 12:39:39 PM"
[PanelController] Heartbeat - Clock ticking: "Sunday, Jan 11, 12:39:40 PM"
[PanelController] Heartbeat - Clock ticking: "Sunday, Jan 11, 12:39:41 PM"
[PanelController] Heartbeat - Clock ticking: "Sunday, Jan 11, 12:39:39 PM"
[PanelController] Heartbeat - Clock ticking: "Sunday, Jan 11, 12:39:40 PM"
[PanelController] Heartbeat - Clock ticking: "Sunday, Jan 11, 12:39:41 PM"
[PanelController] Heartbeat - Clock ticking: "Sunday, Jan 11, 12:39:42 PM"
[PanelController] Heartbeat - Clock ticking: "Sunday, Jan 11, 12:39:43 PM"
[PanelController] Heartbeat - Clock ticking: "Sunday, Jan 11, 12:39:44 PM"
[PanelController] Heartbeat - Clock ticking: "Sunday, Jan 11, 12:39:45 PM"
[PanelController] Heartbeat - Clock ticking: "Sunday, Jan 11, 12:39:46 PM"
[PanelController] Heartbeat - Clock ticking: "Sunday, Jan 11, 12:39:47 PM"
[PanelController] Heartbeat - Clock ticking: "Sunday, Jan 11, 12:39:48 PM"
[PanelController] Heartbeat - Clock ticking: "Sunday, Jan 11, 12:39:49 PM"
[PanelController] Heartbeat - Clock ticking: "Sunday, Jan 11, 12:39:50 PM"
[PanelController] Heartbeat - Clock ticking: "Sunday, Jan 11, 12:39:51 PM"
[PanelController] Heartbeat - Clock ticking: "Sunday, Jan 11, 12:39:52 PM"
[PanelController] Heartbeat - Clock ticking: "Sunday, Jan 11, 12:39:53 PM"
[PanelController] Heartbeat - Clock ticking: "Sunday, Jan 11, 12:39:54 PM"
[PanelController] Heartbeat - Clock ticking: "Sunday, Jan 11, 12:39:55 PM"
[PanelController] Heartbeat - Clock ticking: "Sunday, Jan 11, 12:39:56 PM"
[PanelController] Heartbeat - Clock ticking: "Sunday, Jan 11, 12:39:57 PM"
[PanelController] Heartbeat - Clock ticking: "Sunday, Jan 11, 12:39:58 PM"
[PanelController] Heartbeat - Clock ticking: "Sunday, Jan 11, 12:39:59 PM"
[PanelController] Heartbeat - Clock ticking: "Sunday, Jan 11, 12:40:00 PM"
[PanelController] Heartbeat - Clock ticking: "Sunday, Jan 11, 12:40:01 PM"
[PanelController] Heartbeat - Clock ticking: "Sunday, Jan 11, 12:40:02 PM"
[PanelController] Heartbeat - Clock ticking: "Sunday, Jan 11, 12:40:03 PM"
[PanelController] Heartbeat - Clock ticking: "Sunday, Jan 11, 12:40:04 PM"
[PanelController] Heartbeat - Clock ticking: "Sunday, Jan 11, 12:40:05 PM"
[PanelController] Heartbeat - Clock ticking: "Sunday, Jan 11, 12:40:06 PM"
[PanelController] Heartbeat - Clock ticking: "Sunday, Jan 11, 12:40:07 PM"
[PanelController] Heartbeat - Clock ticking: "Sunday, Jan 11, 12:40:08 PM"
[PanelController] Heartbeat - Clock ticking: "Sunday, Jan 11, 12:40:09 PM"
[PanelController] Heartbeat - Clock ticking: "Sunday, Jan 11, 12:40:10 PM"
[PanelController] Heartbeat - Clock ticking: "Sunday, Jan 11, 12:40:09 PM"
[PanelController] Heartbeat - Clock ticking: "Sunday, Jan 11, 12:40:10 PM"
[PanelController] Heartbeat - Clock ticking: "Sunday, Jan 11, 12:40:11 PM"
[PanelController] Heartbeat - Clock ticking: "Sunday, Jan 11, 12:40:12 PM"
[PanelController] Heartbeat - Clock ticking: "Sunday, Jan 11, 12:40:13 PM"
[PanelController] Heartbeat - Clock ticking: "Sunday, Jan 11, 12:40:14 PM"
[PanelController] Heartbeat - Clock ticking: "Sunday, Jan 11, 12:40:15 PM"
[PanelController] Heartbeat - Clock ticking: "Sunday, Jan 11, 12:40:16 PM"
[PanelController] Heartbeat - Clock ticking: "Sunday, Jan 11, 12:40:17 PM"
[PanelController] Heartbeat - Clock ticking: "Sunday, Jan 11, 12:40:18 PM"
[PanelController] Heartbeat - Clock ticking: "Sunday, Jan 11, 12:40:19 PM"
[PanelController] Heartbeat - Clock ticking: "Sunday, Jan 11, 12:40:20 PM"
[PanelController] Heartbeat - Clock ticking: "Sunday, Jan 11, 12:40:21 PM"
[PanelController] Heartbeat - Clock ticking: "Sunday, Jan 11, 12:40:22 PM"
[PanelController] Heartbeat - Clock ticking: "Sunday, Jan 11, 12:40:23 PM"
[PanelController] Heartbeat - Clock ticking: "Sunday, Jan 11, 12:40:24 PM"
[PanelController] Heartbeat - Clock ticking: "Sunday, Jan 11, 12:40:25 PM"
[PanelController] Heartbeat - Clock ticking: "Sunday, Jan 11, 12:40:26 PM"
[PanelController] Heartbeat - Clock ticking: "Sunday, Jan 11, 12:40:27 PM"
[PanelController] Heartbeat - Clock ticking: "Sunday, Jan 11, 12:40:28 PM"
[PanelController] Heartbeat - Clock ticking: "Sunday, Jan 11, 12:40:29 PM"
[PanelController] Heartbeat - Clock ticking: "Sunday, Jan 11, 12:40:30 PM"
[PanelController] Heartbeat - Clock ticking: "Sunday, Jan 11, 12:40:31 PM"
[PanelController] Heartbeat - Clock ticking: "Sunday, Jan 11, 12:40:32 PM"
[PanelController] Heartbeat - Clock ticking: "Sunday, Jan 11, 12:40:33 PM"
[PanelController] Heartbeat - Clock ticking: "Sunday, Jan 11, 12:40:34 PM"
[PanelController] Heartbeat - Clock ticking: "Sunday, Jan 11, 12:40:35 PM"
[PanelController] Heartbeat - Clock ticking: "Sunday, Jan 11, 12:40:36 PM"
[PanelController] Heartbeat - Clock ticking: "Sunday, Jan 11, 12:40:37 PM"
[PanelController] Heartbeat - Clock ticking: "Sunday, Jan 11, 12:40:38 PM"
[PanelController] Heartbeat - Clock ticking: "Sunday, Jan 11, 12:40:39 PM"
[PanelController] Heartbeat - Clock ticking: "Sunday, Jan 11, 12:40:40 PM"
[PanelController] Heartbeat - Clock ticking: "Sunday, Jan 11, 12:40:41 PM"
[PanelController] Heartbeat - Clock ticking: "Sunday, Jan 11, 12:40:39 PM"
[PanelController] Heartbeat - Clock ticking: "Sunday, Jan 11, 12:40:40 PM"
[PanelController] Heartbeat - Clock ticking: "Sunday, Jan 11, 12:40:41 PM"
[PanelController] Heartbeat - Clock ticking: "Sunday, Jan 11, 12:40:42 PM"
[PanelController] Heartbeat - Clock ticking: "Sunday, Jan 11, 12:40:43 PM"
[PanelController] Heartbeat - Clock ticking: "Sunday, Jan 11, 12:40:44 PM"
[PanelController] Heartbeat - Clock ticking: "Sunday, Jan 11, 12:40:45 PM"
[PanelController] Heartbeat - Clock ticking: "Sunday, Jan 11, 12:40:46 PM"
[PanelController] Heartbeat - Clock ticking: "Sunday, Jan 11, 12:40:47 PM"
[PanelController] Heartbeat - Clock ticking: "Sunday, Jan 11, 12:40:48 PM"
[PanelController] Heartbeat - Clock ticking: "Sunday, Jan 11, 12:40:49 PM"
[PanelController] Heartbeat - Clock ticking: "Sunday, Jan 11, 12:40:50 PM"
[PanelController] Heartbeat - Clock ticking: "Sunday, Jan 11, 12:40:51 PM"
[PanelController] Heartbeat - Clock ticking: "Sunday, Jan 11, 12:40:52 PM"
[PanelController] Heartbeat - Clock ticking: "Sunday, Jan 11, 12:40:53 PM"
[PanelController] Heartbeat - Clock ticking: "Sunday, Jan 11, 12:40:54 PM"
[PanelController] Heartbeat - Clock ticking: "Sunday, Jan 11, 12:40:55 PM"
[PanelController] Heartbeat - Clock ticking: "Sunday, Jan 11, 12:40:56 PM"
[PanelController] Heartbeat - Clock ticking: "Sunday, Jan 11, 12:40:57 PM"
[PanelController] Heartbeat - Clock ticking: "Sunday, Jan 11, 12:40:58 PM"
[PanelController] Heartbeat - Clock ticking: "Sunday, Jan 11, 12:40:59 PM"
[PanelController] Heartbeat - Clock ticking: "Sunday, Jan 11, 12:41:00 PM"
[PanelController] Heartbeat - Clock ticking: "Sunday, Jan 11, 12:41:01 PM"
[PanelController] Heartbeat - Clock ticking: "Sunday, Jan 11, 12:41:02 PM"
[PanelController] Heartbeat - Clock ticking: "Sunday, Jan 11, 12:41:03 PM"
[PanelController] Heartbeat - Clock ticking: "Sunday, Jan 11, 12:41:04 PM"
[PanelController] Heartbeat - Clock ticking: "Sunday, Jan 11, 12:41:05 PM"
[PanelController] Heartbeat - Clock ticking: "Sunday, Jan 11, 12:41:06 PM"
[PanelController] Heartbeat - Clock ticking: "Sunday, Jan 11, 12:41:07 PM"
[PanelController] Heartbeat - Clock ticking: "Sunday, Jan 11, 12:41:08 PM"
[PanelController] Heartbeat - Clock ticking: "Sunday, Jan 11, 12:41:09 PM"
[PanelController] Heartbeat - Clock ticking: "Sunday, Jan 11, 12:41:10 PM"
[PanelController] Heartbeat - Clock ticking: "Sunday, Jan 11, 12:41:09 PM"
[PanelController] Heartbeat - Clock ticking: "Sunday, Jan 11, 12:41:10 PM"
[PanelController] Heartbeat - Clock ticking: "Sunday, Jan 11, 12:41:11 PM"
[PanelController] Heartbeat - Clock ticking: "Sunday, Jan 11, 12:41:12 PM"
[PanelController] Heartbeat - Clock ticking: "Sunday, Jan 11, 12:41:13 PM"
[PanelController] Heartbeat - Clock ticking: "Sunday, Jan 11, 12:41:14 PM"
[PanelController] Heartbeat - Clock ticking: "Sunday, Jan 11, 12:41:15 PM"
[PanelController] Heartbeat - Clock ticking: "Sunday, Jan 11, 12:41:16 PM"
[PanelController] Heartbeat - Clock ticking: "Sunday, Jan 11, 12:41:17 PM"
[PanelController] Heartbeat - Clock ticking: "Sunday, Jan 11, 12:41:18 PM"
[PanelController] Heartbeat - Clock ticking: "Sunday, Jan 11, 12:41:19 PM"
[PanelController] Heartbeat - Clock ticking: "Sunday, Jan 11, 12:41:20 PM"
[PanelController] Heartbeat - Clock ticking: "Sunday, Jan 11, 12:41:21 PM"
[PanelController] Heartbeat - Clock ticking: "Sunday, Jan 11, 12:41:22 PM"
[PanelController] Heartbeat - Clock ticking: "Sunday, Jan 11, 12:41:23 PM"
[PanelController] Heartbeat - Clock ticking: "Sunday, Jan 11, 12:41:24 PM"
[PanelController] Heartbeat - Clock ticking: "Sunday, Jan 11, 12:41:25 PM"
[PanelController] Heartbeat - Clock ticking: "Sunday, Jan 11, 12:41:26 PM"
[PanelController] Heartbeat - Clock ticking: "Sunday, Jan 11, 12:41:27 PM"
[PanelController] Heartbeat - Clock ticking: "Sunday, Jan 11, 12:41:28 PM"
[PanelController] Heartbeat - Clock ticking: "Sunday, Jan 11, 12:41:29 PM"
[PanelController] Heartbeat - Clock ticking: "Sunday, Jan 11, 12:41:30 PM"
[PanelController] Heartbeat - Clock ticking: "Sunday, Jan 11, 12:41:31 PM"
[PanelController] Heartbeat - Clock ticking: "Sunday, Jan 11, 12:41:32 PM"
[PanelController] Heartbeat - Clock ticking: "Sunday, Jan 11, 12:41:33 PM"
[PanelController] Heartbeat - Clock ticking: "Sunday, Jan 11, 12:41:34 PM"
[PanelController] Heartbeat - Clock ticking: "Sunday, Jan 11, 12:41:35 PM"
[PanelController] Heartbeat - Clock ticking: "Sunday, Jan 11, 12:41:36 PM"
[PanelController] Heartbeat - Clock ticking: "Sunday, Jan 11, 12:41:37 PM"
[PanelController] Heartbeat - Clock ticking: "Sunday, Jan 11, 12:41:38 PM"
[PanelController] Heartbeat - Clock ticking: "Sunday, Jan 11, 12:41:39 PM"
[PanelController] Heartbeat - Clock ticking: "Sunday, Jan 11, 12:41:40 PM"
[PanelController] Heartbeat - Clock ticking: "Sunday, Jan 11, 12:41:38 PM"
[PanelController] Heartbeat - Clock ticking: "Sunday, Jan 11, 12:41:39 PM"
[PanelController] Heartbeat - Clock ticking: "Sunday, Jan 11, 12:41:40 PM"
[PanelController] Heartbeat - Clock ticking: "Sunday, Jan 11, 12:41:41 PM"
[PanelController] Heartbeat - Clock ticking: "Sunday, Jan 11, 12:41:42 PM"
[PanelController] Heartbeat - Clock ticking: "Sunday, Jan 11, 12:41:43 PM"
[PanelController] Heartbeat - Clock ticking: "Sunday, Jan 11, 12:41:44 PM"
[PanelController] Heartbeat - Clock ticking: "Sunday, Jan 11, 12:41:45 PM"
[PanelController] Heartbeat - Clock ticking: "Sunday, Jan 11, 12:41:46 PM"
[PanelController] Heartbeat - Clock ticking: "Sunday, Jan 11, 12:41:47 PM"
[PanelController] Heartbeat - Clock ticking: "Sunday, Jan 11, 12:41:48 PM"
[PanelController] Heartbeat - Clock ticking: "Sunday, Jan 11, 12:41:49 PM"
[PanelController] Heartbeat - Clock ticking: "Sunday, Jan 11, 12:41:50 PM"
[PanelController] Heartbeat - Clock ticking: "Sunday, Jan 11, 12:41:51 PM"
[PanelController] Heartbeat - Clock ticking: "Sunday, Jan 11, 12:41:52 PM"
[PanelController] Heartbeat - Clock ticking: "Sunday, Jan 11, 12:41:53 PM"
[PanelController] Heartbeat - Clock ticking: "Sunday, Jan 11, 12:41:54 PM"
[PanelController] Heartbeat - Clock ticking: "Sunday, Jan 11, 12:41:55 PM"
[PanelController] Heartbeat - Clock ticking: "Sunday, Jan 11, 12:41:56 PM"
[PanelController] Heartbeat - Clock ticking: "Sunday, Jan 11, 12:41:57 PM"
[PanelController] Heartbeat - Clock ticking: "Sunday, Jan 11, 12:41:58 PM"
[PanelController] Heartbeat - Clock ticking: "Sunday, Jan 11, 12:41:59 PM"
[PanelController] Heartbeat - Clock ticking: "Sunday, Jan 11, 12:42:00 PM"
[PanelController] Heartbeat - Clock ticking: "Sunday, Jan 11, 12:42:01 PM"
[PanelController] Heartbeat - Clock ticking: "Sunday, Jan 11, 12:42:02 PM"
[PanelController] Heartbeat - Clock ticking: "Sunday, Jan 11, 12:42:03 PM"
[PanelController] Heartbeat - Clock ticking: "Sunday, Jan 11, 12:42:04 PM"
[PanelController] Heartbeat - Clock ticking: "Sunday, Jan 11, 12:42:05 PM"
[PanelController] Heartbeat - Clock ticking: "Sunday, Jan 11, 12:42:06 PM"
[PanelController] Heartbeat - Clock ticking: "Sunday, Jan 11, 12:42:07 PM"
[PanelController] Heartbeat - Clock ticking: "Sunday, Jan 11, 12:42:08 PM"
[PanelController] Heartbeat - Clock ticking: "Sunday, Jan 11, 12:42:09 PM"
[PanelController] Heartbeat - Clock ticking: "Sunday, Jan 11, 12:42:08 PM"
[PanelController] Heartbeat - Clock ticking: "Sunday, Jan 11, 12:42:09 PM"
[PanelController] Heartbeat - Clock ticking: "Sunday, Jan 11, 12:42:10 PM"
[PanelController] Heartbeat - Clock ticking: "Sunday, Jan 11, 12:42:11 PM"
[PanelController] Heartbeat - Clock ticking: "Sunday, Jan 11, 12:42:12 PM"
[PanelController] Heartbeat - Clock ticking: "Sunday, Jan 11, 12:42:13 PM"
[PanelController] Heartbeat - Clock ticking: "Sunday, Jan 11, 12:42:14 PM"
[PanelController] Heartbeat - Clock ticking: "Sunday, Jan 11, 12:42:15 PM"
[PanelController] Heartbeat - Clock ticking: "Sunday, Jan 11, 12:42:16 PM"
[PanelController] Heartbeat - Clock ticking: "Sunday, Jan 11, 12:42:17 PM"
[PanelController] Heartbeat - Clock ticking: "Sunday, Jan 11, 12:42:18 PM"
[PanelController] Heartbeat - Clock ticking: "Sunday, Jan 11, 12:42:19 PM"
[PanelController] Heartbeat - Clock ticking: "Sunday, Jan 11, 12:42:20 PM"
[PanelController] Heartbeat - Clock ticking: "Sunday, Jan 11, 12:42:21 PM"
[PanelController] Heartbeat - Clock ticking: "Sunday, Jan 11, 12:42:22 PM"
[PanelController] Heartbeat - Clock ticking: "Sunday, Jan 11, 12:42:23 PM"
[PanelController] Heartbeat - Clock ticking: "Sunday, Jan 11, 12:42:24 PM"
[PanelController] Heartbeat - Clock ticking: "Sunday, Jan 11, 12:42:25 PM"
[PanelController] Heartbeat - Clock ticking: "Sunday, Jan 11, 12:42:26 PM"
[PanelController] Heartbeat - Clock ticking: "Sunday, Jan 11, 12:42:27 PM"
[PanelController] Heartbeat - Clock ticking: "Sunday, Jan 11, 12:42:28 PM"
[PanelController] Heartbeat - Clock ticking: "Sunday, Jan 11, 12:42:29 PM"
[PanelController] Heartbeat - Clock ticking: "Sunday, Jan 11, 12:42:30 PM"
[PanelController] Heartbeat - Clock ticking: "Sunday, Jan 11, 12:42:31 PM"
[PanelController] Heartbeat - Clock ticking: "Sunday, Jan 11, 12:42:32 PM"
[PanelController] Heartbeat - Clock ticking: "Sunday, Jan 11, 12:42:33 PM"
[PanelController] Heartbeat - Clock ticking: "Sunday, Jan 11, 12:42:34 PM"
[PanelController] Heartbeat - Clock ticking: "Sunday, Jan 11, 12:42:35 PM"
[PanelController] Heartbeat - Clock ticking: "Sunday, Jan 11, 12:42:36 PM"
[PanelController] Heartbeat - Clock ticking: "Sunday, Jan 11, 12:42:37 PM"
[PanelController] Heartbeat - Clock ticking: "Sunday, Jan 11, 12:42:38 PM"
[PanelController] Heartbeat - Clock ticking: "Sunday, Jan 11, 12:42:39 PM"
[PanelController] Heartbeat - Clock ticking: "Sunday, Jan 11, 12:42:40 PM"
[PanelController] Heartbeat - Clock ticking: "Sunday, Jan 11, 12:42:38 PM"
[PanelController] Heartbeat - Clock ticking: "Sunday, Jan 11, 12:42:39 PM"
[PanelController] Heartbeat - Clock ticking: "Sunday, Jan 11, 12:42:40 PM"
[PanelController] Heartbeat - Clock ticking: "Sunday, Jan 11, 12:42:41 PM"
[PanelController] Heartbeat - Clock ticking: "Sunday, Jan 11, 12:42:42 PM"
[PanelController] Heartbeat - Clock ticking: "Sunday, Jan 11, 12:42:43 PM"
[PanelController] Heartbeat - Clock ticking: "Sunday, Jan 11, 12:42:44 PM"
[PanelController] Heartbeat - Clock ticking: "Sunday, Jan 11, 12:42:45 PM"
[PanelController] Heartbeat - Clock ticking: "Sunday, Jan 11, 12:42:46 PM"
[PanelController] Heartbeat - Clock ticking: "Sunday, Jan 11, 12:42:47 PM"
[PanelController] Heartbeat - Clock ticking: "Sunday, Jan 11, 12:42:48 PM"
[PanelController] Heartbeat - Clock ticking: "Sunday, Jan 11, 12:42:49 PM"
[PanelController] Heartbeat - Clock ticking: "Sunday, Jan 11, 12:42:50 PM"
[PanelController] Heartbeat - Clock ticking: "Sunday, Jan 11, 12:42:51 PM"
[PanelController] Heartbeat - Clock ticking: "Sunday, Jan 11, 12:42:52 PM"
[PanelController] Heartbeat - Clock ticking: "Sunday, Jan 11, 12:42:53 PM"
[PanelController] Heartbeat - Clock ticking: "Sunday, Jan 11, 12:42:54 PM"
[PanelController] Heartbeat - Clock ticking: "Sunday, Jan 11, 12:42:55 PM"
[PanelController] Heartbeat - Clock ticking: "Sunday, Jan 11, 12:42:56 PM"
[PanelController] Heartbeat - Clock ticking: "Sunday, Jan 11, 12:42:57 PM"
[PanelController] Heartbeat - Clock ticking: "Sunday, Jan 11, 12:42:58 PM"
[PanelController] Heartbeat - Clock ticking: "Sunday, Jan 11, 12:42:59 PM"
[PanelController] Heartbeat - Clock ticking: "Sunday, Jan 11, 12:43:00 PM"
[PanelController] Heartbeat - Clock ticking: "Sunday, Jan 11, 12:43:01 PM"
[PanelController] Heartbeat - Clock ticking: "Sunday, Jan 11, 12:43:02 PM"
[PanelController] Heartbeat - Clock ticking: "Sunday, Jan 11, 12:43:03 PM"
[PanelController] Heartbeat - Clock ticking: "Sunday, Jan 11, 12:43:04 PM"
[PanelController] Heartbeat - Clock ticking: "Sunday, Jan 11, 12:43:05 PM"
[PanelController] Heartbeat - Clock ticking: "Sunday, Jan 11, 12:43:06 PM"
[PanelController] Heartbeat - Clock ticking: "Sunday, Jan 11, 12:43:07 PM"
[PanelController] Heartbeat - Clock ticking: "Sunday, Jan 11, 12:43:08 PM"
[PanelController] Heartbeat - Clock ticking: "Sunday, Jan 11, 12:43:09 PM"
[PanelController] Heartbeat - Clock ticking: "Sunday, Jan 11, 12:43:08 PM"
[PanelController] Heartbeat - Clock ticking: "Sunday, Jan 11, 12:43:09 PM"
[PanelController] Heartbeat - Clock ticking: "Sunday, Jan 11, 12:43:10 PM"
[PanelController] Heartbeat - Clock ticking: "Sunday, Jan 11, 12:43:11 PM"
[PanelController] Heartbeat - Clock ticking: "Sunday, Jan 11, 12:43:12 PM"
[PanelController] Heartbeat - Clock ticking: "Sunday, Jan 11, 12:43:13 PM"
[PanelController] Heartbeat - Clock ticking: "Sunday, Jan 11, 12:43:14 PM"
[PanelController] Heartbeat - Clock ticking: "Sunday, Jan 11, 12:43:15 PM"
[PanelController] Heartbeat - Clock ticking: "Sunday, Jan 11, 12:43:16 PM"
[PanelController] Heartbeat - Clock ticking: "Sunday, Jan 11, 12:43:17 PM"
[PanelController] Heartbeat - Clock ticking: "Sunday, Jan 11, 12:43:18 PM"
[PanelController] Heartbeat - Clock ticking: "Sunday, Jan 11, 12:43:19 PM"
[PanelController] Heartbeat - Clock ticking: "Sunday, Jan 11, 12:43:20 PM"
[PanelController] Heartbeat - Clock ticking: "Sunday, Jan 11, 12:43:21 PM"
[PanelController] Heartbeat - Clock ticking: "Sunday, Jan 11, 12:43:22 PM"
[PanelController] Heartbeat - Clock ticking: "Sunday, Jan 11, 12:43:23 PM"
[PanelController] Heartbeat - Clock ticking: "Sunday, Jan 11, 12:43:24 PM"
[PanelController] Heartbeat - Clock ticking: "Sunday, Jan 11, 12:43:25 PM"
[PanelController] Heartbeat - Clock ticking: "Sunday, Jan 11, 12:43:26 PM"
[PanelController] Heartbeat - Clock ticking: "Sunday, Jan 11, 12:43:27 PM"
[PanelController] Heartbeat - Clock ticking: "Sunday, Jan 11, 12:43:28 PM"
[PanelController] Heartbeat - Clock ticking: "Sunday, Jan 11, 12:43:29 PM"
[PanelController] Heartbeat - Clock ticking: "Sunday, Jan 11, 12:43:30 PM"
[PanelController] Heartbeat - Clock ticking: "Sunday, Jan 11, 12:43:31 PM"
[PanelController] Heartbeat - Clock ticking: "Sunday, Jan 11, 12:43:32 PM"
[PanelController] Heartbeat - Clock ticking: "Sunday, Jan 11, 12:43:33 PM"
[PanelController] Heartbeat - Clock ticking: "Sunday, Jan 11, 12:43:34 PM"
[PanelController] Heartbeat - Clock ticking: "Sunday, Jan 11, 12:43:35 PM"
[PanelController] Heartbeat - Clock ticking: "Sunday, Jan 11, 12:43:36 PM"
[PanelController] Heartbeat - Clock ticking: "Sunday, Jan 11, 12:43:37 PM"
[PanelController] Heartbeat - Clock ticking: "Sunday, Jan 11, 12:43:38 PM"
[PanelController] Heartbeat - Clock ticking: "Sunday, Jan 11, 12:43:39 PM"
[PanelController] Heartbeat - Clock ticking: "Sunday, Jan 11, 12:43:37 PM"
[PanelController] Heartbeat - Clock ticking: "Sunday, Jan 11, 12:43:38 PM"
[PanelController] Heartbeat - Clock ticking: "Sunday, Jan 11, 12:43:39 PM"
[PanelController] Heartbeat - Clock ticking: "Sunday, Jan 11, 12:43:40 PM"
[PanelController] Heartbeat - Clock ticking: "Sunday, Jan 11, 12:43:41 PM"
[PanelController] Heartbeat - Clock ticking: "Sunday, Jan 11, 12:43:42 PM"
[PanelController] Heartbeat - Clock ticking: "Sunday, Jan 11, 12:43:43 PM"
[PanelController] Heartbeat - Clock ticking: "Sunday, Jan 11, 12:43:44 PM"
[PanelController] Heartbeat - Clock ticking: "Sunday, Jan 11, 12:43:45 PM"
[PanelController] Heartbeat - Clock ticking: "Sunday, Jan 11, 12:43:46 PM"
[PanelController] Heartbeat - Clock ticking: "Sunday, Jan 11, 12:43:47 PM"
[PanelController] Heartbeat - Clock ticking: "Sunday, Jan 11, 12:43:48 PM"
[PanelController] Heartbeat - Clock ticking: "Sunday, Jan 11, 12:43:49 PM"
[PanelController] Heartbeat - Clock ticking: "Sunday, Jan 11, 12:43:50 PM"
[PanelController] Heartbeat - Clock ticking: "Sunday, Jan 11, 12:43:51 PM"
[PanelController] Heartbeat - Clock ticking: "Sunday, Jan 11, 12:43:52 PM"
[PanelController] Heartbeat - Clock ticking: "Sunday, Jan 11, 12:43:53 PM"
[PanelController] Heartbeat - Clock ticking: "Sunday, Jan 11, 12:43:54 PM"
[PanelController] Heartbeat - Clock ticking: "Sunday, Jan 11, 12:43:55 PM"
[PanelController] Heartbeat - Clock ticking: "Sunday, Jan 11, 12:43:56 PM"
[PanelController] Heartbeat - Clock ticking: "Sunday, Jan 11, 12:43:57 PM"
[PanelController] Heartbeat - Clock ticking: "Sunday, Jan 11, 12:43:58 PM"
[PanelController] Heartbeat - Clock ticking: "Sunday, Jan 11, 12:43:59 PM"
[PanelController] Heartbeat - Clock ticking: "Sunday, Jan 11, 12:44:00 PM"
[PanelController] Heartbeat - Clock ticking: "Sunday, Jan 11, 12:44:01 PM"
[PanelController] Heartbeat - Clock ticking: "Sunday, Jan 11, 12:44:02 PM"
[PanelController] Heartbeat - Clock ticking: "Sunday, Jan 11, 12:44:03 PM"
[PanelController] Heartbeat - Clock ticking: "Sunday, Jan 11, 12:44:04 PM"
[PanelController] Heartbeat - Clock ticking: "Sunday, Jan 11, 12:44:05 PM"
[PanelController] Heartbeat - Clock ticking: "Sunday, Jan 11, 12:44:06 PM"
[PanelController] Heartbeat - Clock ticking: "Sunday, Jan 11, 12:44:07 PM"
[PanelController] Heartbeat - Clock ticking: "Sunday, Jan 11, 12:44:08 PM"
[PanelController] Heartbeat - Clock ticking: "Sunday, Jan 11, 12:44:07 PM"
[PanelController] Heartbeat - Clock ticking: "Sunday, Jan 11, 12:44:08 PM"
[PanelController] Heartbeat - Clock ticking: "Sunday, Jan 11, 12:44:09 PM"
[PanelController] Heartbeat - Clock ticking: "Sunday, Jan 11, 12:44:10 PM"
[PanelController] Heartbeat - Clock ticking: "Sunday, Jan 11, 12:44:11 PM"
[PanelController] Heartbeat - Clock ticking: "Sunday, Jan 11, 12:44:12 PM"
[PanelController] Heartbeat - Clock ticking: "Sunday, Jan 11, 12:44:13 PM"
[PanelController] Heartbeat - Clock ticking: "Sunday, Jan 11, 12:44:14 PM"
[PanelController] Heartbeat - Clock ticking: "Sunday, Jan 11, 12:44:15 PM"
[PanelController] Heartbeat - Clock ticking: "Sunday, Jan 11, 12:44:16 PM"
[PanelController] Heartbeat - Clock ticking: "Sunday, Jan 11, 12:44:17 PM"
[PanelController] Heartbeat - Clock ticking: "Sunday, Jan 11, 12:44:18 PM"
[PanelController] Heartbeat - Clock ticking: "Sunday, Jan 11, 12:44:19 PM"
[PanelController] Heartbeat - Clock ticking: "Sunday, Jan 11, 12:44:20 PM"
[PanelController] Heartbeat - Clock ticking: "Sunday, Jan 11, 12:44:21 PM"
[PanelController] Heartbeat - Clock ticking: "Sunday, Jan 11, 12:44:22 PM"
[PanelController] Heartbeat - Clock ticking: "Sunday, Jan 11, 12:44:23 PM"
[PanelController] Heartbeat - Clock ticking: "Sunday, Jan 11, 12:44:24 PM"
[PanelController] Heartbeat - Clock ticking: "Sunday, Jan 11, 12:44:25 PM"
[PanelController] Heartbeat - Clock ticking: "Sunday, Jan 11, 12:44:26 PM"
[PanelController] Heartbeat - Clock ticking: "Sunday, Jan 11, 12:44:27 PM"
[PanelController] Heartbeat - Clock ticking: "Sunday, Jan 11, 12:44:28 PM"
[PanelController] Heartbeat - Clock ticking: "Sunday, Jan 11, 12:44:29 PM"
[PanelController] Heartbeat - Clock ticking: "Sunday, Jan 11, 12:44:30 PM"
[PanelController] Heartbeat - Clock ticking: "Sunday, Jan 11, 12:44:31 PM"
[PanelController] Heartbeat - Clock ticking: "Sunday, Jan 11, 12:44:32 PM"
[PanelController] Heartbeat - Clock ticking: "Sunday, Jan 11, 12:44:33 PM"
[PanelController] Heartbeat - Clock ticking: "Sunday, Jan 11, 12:44:34 PM"
[PanelController] Heartbeat - Clock ticking: "Sunday, Jan 11, 12:44:35 PM"
[PanelController] Heartbeat - Clock ticking: "Sunday, Jan 11, 12:44:36 PM"
[PanelController] Heartbeat - Clock ticking: "Sunday, Jan 11, 12:44:37 PM"
[PanelController] Heartbeat - Clock ticking: "Sunday, Jan 11, 12:44:38 PM"
[PanelController] Heartbeat - Clock ticking: "Sunday, Jan 11, 12:44:39 PM"
[PanelController] Heartbeat - Clock ticking: "Sunday, Jan 11, 12:44:37 PM"
[PanelController] Heartbeat - Clock ticking: "Sunday, Jan 11, 12:44:38 PM"
[PanelController] Heartbeat - Clock ticking: "Sunday, Jan 11, 12:44:39 PM"
[PanelController] Heartbeat - Clock ticking: "Sunday, Jan 11, 12:44:40 PM"
[PanelController] Heartbeat - Clock ticking: "Sunday, Jan 11, 12:44:41 PM"
[PanelController] Heartbeat - Clock ticking: "Sunday, Jan 11, 12:44:42 PM"
[PanelController] Heartbeat - Clock ticking: "Sunday, Jan 11, 12:44:43 PM"
[PanelController] Heartbeat - Clock ticking: "Sunday, Jan 11, 12:44:44 PM"
[PanelController] Heartbeat - Clock ticking: "Sunday, Jan 11, 12:44:45 PM"
[PanelController] Heartbeat - Clock ticking: "Sunday, Jan 11, 12:44:46 PM"
[PanelController] Heartbeat - Clock ticking: "Sunday, Jan 11, 12:44:47 PM"
[PanelController] Heartbeat - Clock ticking: "Sunday, Jan 11, 12:44:48 PM"
[PanelController] Heartbeat - Clock ticking: "Sunday, Jan 11, 12:44:49 PM"
[PanelController] Heartbeat - Clock ticking: "Sunday, Jan 11, 12:44:50 PM"
[PanelController] Heartbeat - Clock ticking: "Sunday, Jan 11, 12:44:51 PM"
[PanelController] Heartbeat - Clock ticking: "Sunday, Jan 11, 12:44:53 PM"
[PanelController] Heartbeat - Clock ticking: "Sunday, Jan 11, 12:44:54 PM"
[PanelController] Heartbeat - Clock ticking: "Sunday, Jan 11, 12:44:56 PM"
[PanelController] Heartbeat - Clock ticking: "Sunday, Jan 11, 12:44:57 PM"
[PanelController] Heartbeat - Clock ticking: "Sunday, Jan 11, 12:44:58 PM"
[PanelController] Heartbeat - Clock ticking: "Sunday, Jan 11, 12:44:59 PM"
[PanelController] Heartbeat - Clock ticking: "Sunday, Jan 11, 12:45:00 PM"
[PanelController] Heartbeat - Clock ticking: "Sunday, Jan 11, 12:45:02 PM"
[PanelController] Heartbeat - Clock ticking: "Sunday, Jan 11, 12:45:03 PM"
[PanelController] Heartbeat - Clock ticking: "Sunday, Jan 11, 12:45:05 PM"
[PanelController] Heartbeat - Clock ticking: "Sunday, Jan 11, 12:45:06 PM"
[PanelController] Heartbeat - Clock ticking: "Sunday, Jan 11, 12:45:07 PM"
[PanelController] Heartbeat - Clock ticking: "Sunday, Jan 11, 12:45:09 PM"
[PanelController] Heartbeat - Clock ticking: "Sunday, Jan 11, 12:45:07 PM"
[PanelController] Heartbeat - Clock ticking: "Sunday, Jan 11, 12:45:08 PM"
[PanelController] Heartbeat - Clock ticking: "Sunday, Jan 11, 12:45:09 PM"
[PanelController] Heartbeat - Clock ticking: "Sunday, Jan 11, 12:45:10 PM"
[PanelController] Heartbeat - Clock ticking: "Sunday, Jan 11, 12:45:11 PM"
[PanelController] Heartbeat - Clock ticking: "Sunday, Jan 11, 12:45:12 PM"
[PanelController] Heartbeat - Clock ticking: "Sunday, Jan 11, 12:45:13 PM"
[PanelController] Heartbeat - Clock ticking: "Sunday, Jan 11, 12:45:14 PM"
[PanelController] Heartbeat - Clock ticking: "Sunday, Jan 11, 12:45:15 PM"
[PanelController] Heartbeat - Clock ticking: "Sunday, Jan 11, 12:45:16 PM"
[PanelController] Heartbeat - Clock ticking: "Sunday, Jan 11, 12:45:17 PM"
[PanelController] Heartbeat - Clock ticking: "Sunday, Jan 11, 12:45:18 PM"
[PanelController] Heartbeat - Clock ticking: "Sunday, Jan 11, 12:45:19 PM"
[PanelController] Heartbeat - Clock ticking: "Sunday, Jan 11, 12:45:20 PM"
[PanelController] Heartbeat - Clock ticking: "Sunday, Jan 11, 12:45:21 PM"
[PanelController] Heartbeat - Clock ticking: "Sunday, Jan 11, 12:45:22 PM"
[PanelController] Heartbeat - Clock ticking: "Sunday, Jan 11, 12:45:23 PM"
[PanelController] Heartbeat - Clock ticking: "Sunday, Jan 11, 12:45:24 PM"
[PanelController] Heartbeat - Clock ticking: "Sunday, Jan 11, 12:45:25 PM"
[PanelController] Heartbeat - Clock ticking: "Sunday, Jan 11, 12:45:26 PM"
[PanelController] Heartbeat - Clock ticking: "Sunday, Jan 11, 12:45:27 PM"
[PanelController] Heartbeat - Clock ticking: "Sunday, Jan 11, 12:45:28 PM"
[PanelController] Heartbeat - Clock ticking: "Sunday, Jan 11, 12:45:29 PM"
[PanelController] Heartbeat - Clock ticking: "Sunday, Jan 11, 12:45:30 PM"
[PanelController] Heartbeat - Clock ticking: "Sunday, Jan 11, 12:45:31 PM"
[PanelController] Heartbeat - Clock ticking: "Sunday, Jan 11, 12:45:32 PM"
[PanelController] Heartbeat - Clock ticking: "Sunday, Jan 11, 12:45:33 PM"
[PanelController] Heartbeat - Clock ticking: "Sunday, Jan 11, 12:45:34 PM"
[PanelController] Heartbeat - Clock ticking: "Sunday, Jan 11, 12:45:35 PM"
[PanelController] Heartbeat - Clock ticking: "Sunday, Jan 11, 12:45:36 PM"
[PanelController] Heartbeat - Clock ticking: "Sunday, Jan 11, 12:45:37 PM"
[PanelController] Heartbeat - Clock ticking: "Sunday, Jan 11, 12:45:38 PM"
[PanelController] Heartbeat - Clock ticking: "Sunday, Jan 11, 12:45:36 PM"
[PanelController] Heartbeat - Clock ticking: "Sunday, Jan 11, 12:45:38 PM"
[PanelController] Heartbeat - Clock ticking: "Sunday, Jan 11, 12:45:39 PM"
[PanelController] Heartbeat - Clock ticking: "Sunday, Jan 11, 12:45:40 PM"
[PanelController] Heartbeat - Clock ticking: "Sunday, Jan 11, 12:45:41 PM"
[PanelController] Heartbeat - Clock ticking: "Sunday, Jan 11, 12:45:43 PM"
[PanelController] Heartbeat - Clock ticking: "Sunday, Jan 11, 12:45:44 PM"
[PanelController] Heartbeat - Clock ticking: "Sunday, Jan 11, 12:45:45 PM"
[PanelController] Heartbeat - Clock ticking: "Sunday, Jan 11, 12:45:46 PM"
[PanelController] Heartbeat - Clock ticking: "Sunday, Jan 11, 12:45:47 PM"
[PanelController] Heartbeat - Clock ticking: "Sunday, Jan 11, 12:45:48 PM"
[PanelController] Heartbeat - Clock ticking: "Sunday, Jan 11, 12:45:49 PM"
[PanelController] Heartbeat - Clock ticking: "Sunday, Jan 11, 12:45:50 PM"
[PanelController] Heartbeat - Clock ticking: "Sunday, Jan 11, 12:45:51 PM"
[PanelController] Heartbeat - Clock ticking: "Sunday, Jan 11, 12:45:52 PM"
[PanelController] Heartbeat - Clock ticking: "Sunday, Jan 11, 12:45:54 PM"
[PanelController] Heartbeat - Clock ticking: "Sunday, Jan 11, 12:45:55 PM"
[PanelController] Heartbeat - Clock ticking: "Sunday, Jan 11, 12:45:56 PM"
[PanelController] Heartbeat - Clock ticking: "Sunday, Jan 11, 12:45:57 PM"
[PanelController] Heartbeat - Clock ticking: "Sunday, Jan 11, 12:45:58 PM"
[PanelController] Heartbeat - Clock ticking: "Sunday, Jan 11, 12:45:59 PM"
[PanelController] Heartbeat - Clock ticking: "Sunday, Jan 11, 12:46:00 PM"
[PanelController] Heartbeat - Clock ticking: "Sunday, Jan 11, 12:46:01 PM"
[PanelController] Heartbeat - Clock ticking: "Sunday, Jan 11, 12:46:03 PM"
[PanelController] Heartbeat - Clock ticking: "Sunday, Jan 11, 12:46:04 PM"
[PanelController] Heartbeat - Clock ticking: "Sunday, Jan 11, 12:46:05 PM"
[PanelController] Heartbeat - Clock ticking: "Sunday, Jan 11, 12:46:06 PM"
[PanelController] Heartbeat - Clock ticking: "Sunday, Jan 11, 12:46:07 PM"
[PanelController] Heartbeat - Clock ticking: "Sunday, Jan 11, 12:46:06 PM"
[PanelController] Heartbeat - Clock ticking: "Sunday, Jan 11, 12:46:07 PM"
[PanelController] Heartbeat - Clock ticking: "Sunday, Jan 11, 12:46:08 PM"
[PanelController] Heartbeat - Clock ticking: "Sunday, Jan 11, 12:46:09 PM"
[PanelController] Heartbeat - Clock ticking: "Sunday, Jan 11, 12:46:10 PM"
[PanelController] Heartbeat - Clock ticking: "Sunday, Jan 11, 12:46:11 PM"
[PanelController] Heartbeat - Clock ticking: "Sunday, Jan 11, 12:46:12 PM"
[PanelController] Heartbeat - Clock ticking: "Sunday, Jan 11, 12:46:13 PM"
[PanelController] Heartbeat - Clock ticking: "Sunday, Jan 11, 12:46:14 PM"
[PanelController] Heartbeat - Clock ticking: "Sunday, Jan 11, 12:46:15 PM"
[PanelController] Heartbeat - Clock ticking: "Sunday, Jan 11, 12:46:16 PM"
[PanelController] Heartbeat - Clock ticking: "Sunday, Jan 11, 12:46:17 PM"
[PanelController] Heartbeat - Clock ticking: "Sunday, Jan 11, 12:46:18 PM"
[PanelController] Heartbeat - Clock ticking: "Sunday, Jan 11, 12:46:19 PM"
[PanelController] Heartbeat - Clock ticking: "Sunday, Jan 11, 12:46:20 PM"
[PanelController] Heartbeat - Clock ticking: "Sunday, Jan 11, 12:46:21 PM"
